#
# A fatal error has been detected by the Java Runtime Environment:
#
#  EXCEPTION_ACCESS_VIOLATION (0xc0000005) at pc=0x00007fffed7d34ca, pid=18548, tid=19304
#
# JRE version: OpenJDK Runtime Environment (14.0.2+12) (build 14.0.2+12-46)
# Java VM: OpenJDK 64-Bit Server VM (14.0.2+12-46, mixed mode, tiered, compressed oops, g1 gc, windows-amd64)
# Problematic frame:
# C  [JLinkNativeLibrary.dll+0x834ca]
#
# No core dump will be written. Minidumps are not enabled by default on client versions of Windows
#
# If you would like to submit a bug report, please visit:
#   https://bugreport.java.com/bugreport/crash.jsp
# The crash happened outside the Java Virtual Machine in native code.
# See problematic frame for where to report the bug.
#

---------------  S U M M A R Y ------------

Command Line: -Dcatalina.base=C:\Users\bar\eclipse-workspace\.metadata\.plugins\org.eclipse.wst.server.core\tmp0 -Dcatalina.home=C:\APPS\tomcat9-testing -Dwtp.deploy=C:\Users\bar\eclipse-workspace\.metadata\.plugins\org.eclipse.wst.server.core\tmp0\wtpwebapps -Dfile.encoding=Cp1252 -XX:+ShowCodeDetailsInExceptionMessages org.apache.catalina.startup.Bootstrap start

Host: AMD Ryzen 5 3600 6-Core Processor              , 12 cores, 31G,  Windows 10 , 64 bit Build 19041 (10.0.19041.804)
Time: Wed Mar  3 21:17:22 2021 Romance Standard Time elapsed time: 2578 seconds (0d 0h 42m 58s)

---------------  T H R E A D  ---------------

Current thread (0x00000248b1327800):  JavaThread "Thread-60" daemon [_thread_in_native, id=19304, stack(0x000000e98cd00000,0x000000e98ce00000)]

Stack: [0x000000e98cd00000,0x000000e98ce00000],  sp=0x000000e98cdff050,  free space=1020k
Native frames: (J=compiled Java code, j=interpreted, Vv=VM code, C=native code)
C  [JLinkNativeLibrary.dll+0x834ca]

Java frames: (J=compiled Java code, j=interpreted, Vv=VM code)
j  com.wolfram.jlink.NativeLink.MLPutMessage(JI)V+0
j  com.wolfram.jlink.NativeLink.putMessage(I)V+27
j  com.wolfram.jlink.WrappedKernelLink.putMessage(I)V+5
j  com.wolfram.jlink.KernelLinkImpl.terminateKernel()V+2
j  cat.udl.easymodel.mathlink.MathLinkOp.closeMathLink()V+38
j  cat.udl.easymodel.main.SessionData.closeMathLinkOp()V+11
j  cat.udl.easymodel.thread.SimulationManagerThread.run()V+169
v  ~StubRoutines::call_stub

siginfo: EXCEPTION_ACCESS_VIOLATION (0xc0000005), reading address 0x0000000000000028


Register to memory mapping:

RIP=0x00007fffed7d34ca JLinkNativeLibrary.dll
RAX=0x000000e98cdff078 is pointing into the stack for thread: 0x00000248b1327800
RBX=0x0000000000000001 is an unknown value
RCX=0x000000e98cdff078 is pointing into the stack for thread: 0x00000248b1327800
RDX=0x0 is NULL
RSP=0x000000e98cdff050 is pointing into the stack for thread: 0x00000248b1327800
RBP=0x0 is NULL
RSI=0x0 is NULL
RDI=0x00000248b4658b68 points into unknown readable memory: 48 54 82 ed ff 7f 00 00
R8 =0x0 is NULL
R9 =0x0 is NULL
R10=0x000000e98cdff158 is pointing into the stack for thread: 0x00000248b1327800
R11=0x0000000601b30688 is an oop: java.lang.Class 
{0x0000000601b30688} - klass: 'java/lang/Class'
R12=0x0 is NULL
R13={method} {0x00000248b7a43f10} 'MLPutMessage' '(JI)V' in 'com/wolfram/jlink/NativeLink'
R14=0x000000e98cdff230 is pointing into the stack for thread: 0x00000248b1327800
R15=0x00000248b1327800 is a thread


Registers:
RAX=0x000000e98cdff078, RBX=0x0000000000000001, RCX=0x000000e98cdff078, RDX=0x0000000000000000
RSP=0x000000e98cdff050, RBP=0x0000000000000000, RSI=0x0000000000000000, RDI=0x00000248b4658b68
R8 =0x0000000000000000, R9 =0x0000000000000000, R10=0x000000e98cdff158, R11=0x0000000601b30688
R12=0x0000000000000000, R13=0x00000248b7a43f08, R14=0x000000e98cdff230, R15=0x00000248b1327800
RIP=0x00007fffed7d34ca, EFLAGS=0x0000000000010202

Top of Stack: (sp=0x000000e98cdff050)
0x000000e98cdff050:   000000e98cdff078 0000000601b40398
0x000000e98cdff060:   0000000605906418 000000e98cdff068
0x000000e98cdff070:   fffffffffffffffe 00007fffed826c78
0x000000e98cdff080:   0000000000000000 00000248b7d5f6f8
0x000000e98cdff090:   00000248b1a33bf8 00007fffed78220c
0x000000e98cdff0a0:   000000e98cdff180 0000000000000001
0x000000e98cdff0b0:   000000e98cdff118 0000024889e79950
0x000000e98cdff0c0:   fffffffffffffffe 0000000000000001
0x000000e98cdff0d0:   000000e98cdff0d0 00007fffed7810b2
0x000000e98cdff0e0:   00000248b4658b68 00000248af95e7c8
0x000000e98cdff0f0:   000000e98cdff1e8 00007fffed752ed8
0x000000e98cdff100:   fffffffffffffffe 0000000000000000
0x000000e98cdff110:   0000000000000000 00007fffed7737f6
0x000000e98cdff120:   000000e98cdff190 0000024889e7f987
0x000000e98cdff130:   0000000604008008 0000000000000000
0x000000e98cdff140:   00000248b2a2e380 00007fffed7635f4 

Instructions: (pc=0x00007fffed7d34ca)
0x00007fffed7d33ca:   f0 00 00 00 41 5f 41 5e 41 5d 41 5c 5f 5e 5b c3
0x00007fffed7d33da:   48 8d 0d 57 24 05 00 e8 8a 48 02 00 48 8d 0d 4b
0x00007fffed7d33ea:   24 05 00 e8 7e 48 02 00 cc cc cc cc cc cc cc cc
0x00007fffed7d33fa:   cc cc cc cc cc cc 40 57 48 83 ec 40 48 c7 44 24
0x00007fffed7d340a:   20 fe ff ff ff 48 89 5c 24 50 48 89 74 24 58 49
0x00007fffed7d341a:   8b f0 48 8b f9 48 8b 91 40 01 00 00 48 8d 4c 24
0x00007fffed7d342a:   28 e8 50 b8 f9 ff 90 48 8b 8f 68 02 00 00 48 8b
0x00007fffed7d343a:   41 28 8b 58 10 8b d6 e8 6a f1 01 00 90 48 8d 4c
0x00007fffed7d344a:   24 28 e8 df ba f9 ff 48 8b 87 68 02 00 00 48 8b
0x00007fffed7d345a:   48 08 3b 59 10 75 1f 48 85 f6 74 1a 48 8b 8f 70
0x00007fffed7d346a:   02 00 00 48 8b 01 ff 50 10 48 8b 8f 98 03 00 00
0x00007fffed7d347a:   48 8b 01 ff 50 10 48 8b 5c 24 50 48 8b 74 24 58
0x00007fffed7d348a:   48 83 c4 40 5f c3 40 57 48 83 ec 40 48 c7 44 24
0x00007fffed7d349a:   20 fe ff ff ff 48 89 5c 24 50 48 89 74 24 58 41
0x00007fffed7d34aa:   8b f0 8b da 48 8b f9 48 8b 91 50 01 00 00 48 8d
0x00007fffed7d34ba:   4c 24 28 e8 be b7 f9 ff 90 4c 8b 8f 68 02 00 00
0x00007fffed7d34ca:   49 8b 41 28 89 18 49 8b 41 28 89 70 04 48 8b 8f
0x00007fffed7d34da:   d0 02 00 00 48 8b 01 ff 50 10 90 48 8d 4c 24 28
0x00007fffed7d34ea:   e8 41 ba f9 ff 48 8b 5c 24 50 48 8b 74 24 58 48
0x00007fffed7d34fa:   83 c4 40 5f c3 cc 40 56 57 41 56 48 81 ec e0 00
0x00007fffed7d350a:   00 00 48 c7 44 24 40 fe ff ff ff 48 89 9c 24 18
0x00007fffed7d351a:   01 00 00 48 8b 05 c4 ce 0d 00 48 33 c4 48 89 84
0x00007fffed7d352a:   24 d0 00 00 00 49 8b f0 4c 8b f2 48 8b d9 48 85
0x00007fffed7d353a:   d2 0f 84 90 01 00 00 4d 85 c0 0f 84 87 01 00 00
0x00007fffed7d354a:   48 8b 91 40 01 00 00 48 8d 4c 24 30 e8 25 b7 f9
0x00007fffed7d355a:   ff 90 48 8b 8b 68 02 00 00 48 8b 41 28 8b 78 10
0x00007fffed7d356a:   e8 91 ef 01 00 8b c0 48 89 06 48 8b 93 68 02 00
0x00007fffed7d357a:   00 48 8b 42 28 8b 48 0c 48 03 4a 30 49 89 0e 48
0x00007fffed7d358a:   8d 4c 24 30 e8 9d b9 f9 ff 85 ff 0f 85 05 01 00
0x00007fffed7d359a:   00 0f 1f 44 00 00 80 bb 04 02 00 00 00 0f 85 a4
0x00007fffed7d35aa:   01 00 00 48 8b 8b 38 03 00 00 48 8b 01 ba 20 4e
0x00007fffed7d35ba:   00 00 ff 50 20 48 8b 93 40 01 00 00 48 8d 4c 24 


Stack slot to memory mapping:
stack at sp + 0 slots: 0x000000e98cdff078 is pointing into the stack for thread: 0x00000248b1327800
stack at sp + 1 slots: 0x0000000601b40398 is an oop: java.lang.Class 
{0x0000000601b40398} - klass: 'java/lang/Class'
stack at sp + 2 slots: 0x0000000605906418 is an oop: java.lang.reflect.Method 
{0x0000000605906418} - klass: 'java/lang/reflect/Method'
stack at sp + 3 slots: 0x000000e98cdff068 is pointing into the stack for thread: 0x00000248b1327800
stack at sp + 4 slots: 0xfffffffffffffffe is an unknown value
stack at sp + 5 slots: 0x00007fffed826c78 JLinkNativeLibrary.dll
stack at sp + 6 slots: 0x0 is NULL
stack at sp + 7 slots: 0x00000248b7d5f6f8 is pointing into metadata


---------------  P R O C E S S  ---------------

Threads class SMR info:
_java_thread_list=0x00000248b0a71820, length=55, elements={
0x0000024884521800, 0x00000248b01ad000, 0x00000248b01af000, 0x00000248b01e7800,
0x00000248b01ea800, 0x00000248b01ed800, 0x00000248b01ef800, 0x00000248b01fd000,
0x00000248b01fe000, 0x00000248b03a0000, 0x00000248b03b6000, 0x00000248b17a9800,
0x00000248b408c800, 0x00000248b4093000, 0x00000248b1332800, 0x00000248b1334800,
0x00000248b2d1a000, 0x00000248b2d1b000, 0x00000248b2d20000, 0x00000248b2d1f000,
0x00000248b2d1c800, 0x00000248b2d25800, 0x00000248b2d26800, 0x00000248b1331000,
0x00000248b1332000, 0x00000248b1330000, 0x00000248b1335000, 0x00000248b1339000,
0x00000248b133e000, 0x00000248b1322800, 0x00000248b1321000, 0x00000248b4bf6000,
0x00000248b68e5800, 0x00000248b68e2800, 0x00000248b4293000, 0x00000248b1324800,
0x00000248b1323800, 0x00000248b1320000, 0x00000248b1325000, 0x00000248b1322000,
0x00000248b1326800, 0x00000248b132d800, 0x00000248b132b800, 0x00000248b1326000,
0x00000248b1327800, 0x00000248b132b000, 0x00000248b132e000, 0x00000248b132c800,
0x00000248b1328800, 0x00000248b132f000, 0x00000248b1329000, 0x00000248b132a000,
0x00000248b4bf3000, 0x00000248b4bf0800, 0x00000248b4bf3800
}

Java Threads: ( => current thread )
  0x0000024884521800 JavaThread "main" [_thread_in_native, id=16012, stack(0x000000e98aa00000,0x000000e98ab00000)]
  0x00000248b01ad000 JavaThread "Reference Handler" daemon [_thread_blocked, id=19228, stack(0x000000e98b100000,0x000000e98b200000)]
  0x00000248b01af000 JavaThread "Finalizer" daemon [_thread_blocked, id=19236, stack(0x000000e98b200000,0x000000e98b300000)]
  0x00000248b01e7800 JavaThread "Signal Dispatcher" daemon [_thread_blocked, id=18472, stack(0x000000e98b300000,0x000000e98b400000)]
  0x00000248b01ea800 JavaThread "Attach Listener" daemon [_thread_blocked, id=19244, stack(0x000000e98b400000,0x000000e98b500000)]
  0x00000248b01ed800 JavaThread "Service Thread" daemon [_thread_blocked, id=19248, stack(0x000000e98b500000,0x000000e98b600000)]
  0x00000248b01ef800 JavaThread "C2 CompilerThread0" daemon [_thread_blocked, id=19240, stack(0x000000e98b600000,0x000000e98b700000)]
  0x00000248b01fd000 JavaThread "C1 CompilerThread0" daemon [_thread_blocked, id=19252, stack(0x000000e98b700000,0x000000e98b800000)]
  0x00000248b01fe000 JavaThread "Sweeper thread" daemon [_thread_blocked, id=18664, stack(0x000000e98b800000,0x000000e98b900000)]
  0x00000248b03a0000 JavaThread "Notification Thread" daemon [_thread_blocked, id=9364, stack(0x000000e98b900000,0x000000e98ba00000)]
  0x00000248b03b6000 JavaThread "Common-Cleaner" daemon [_thread_blocked, id=11172, stack(0x000000e98bb00000,0x000000e98bc00000)]
  0x00000248b17a9800 JavaThread "http-nio-8080-BlockPoller" daemon [_thread_in_native, id=19332, stack(0x000000e98c700000,0x000000e98c800000)]
  0x00000248b408c800 JavaThread "Catalina-utility-1" [_thread_blocked, id=16656, stack(0x000000e98d100000,0x000000e98d200000)]
  0x00000248b4093000 JavaThread "Catalina-utility-2" [_thread_blocked, id=17476, stack(0x000000e98d200000,0x000000e98d300000)]
  0x00000248b1332800 JavaThread "http-nio-8080-ClientPoller" daemon [_thread_in_native, id=3856, stack(0x000000e98dd00000,0x000000e98de00000)]
  0x00000248b1334800 JavaThread "http-nio-8080-Acceptor" daemon [_thread_in_native, id=17536, stack(0x000000e98de00000,0x000000e98df00000)]
  0x00000248b2d1a000 JavaThread "Atmosphere-Shared-0" daemon [_thread_blocked, id=1192, stack(0x000000e98bd00000,0x000000e98be00000)]
  0x00000248b2d1b000 JavaThread "mysql-cj-abandoned-connection-cleanup" daemon [_thread_blocked, id=18700, stack(0x000000e98ca00000,0x000000e98cb00000)]
  0x00000248b2d20000 
[error occurred during error reporting (printing all threads), id 0xc0000005, EXCEPTION_ACCESS_VIOLATION (0xc0000005) at pc=0x00007fffedc10a1d]

VM state:at safepoint (normal execution)

VM Mutex/Monitor currently owned by a thread:  ([mutex/lock_event])
[0x000002488451d070] Threads_lock - owner thread: 0x00000248b01a6800
[0x000002488451d730] Heap_lock - owner thread: 0x00000248b4bf3800

Heap address: 0x0000000601400000, size: 8172 MB, Compressed Oops mode: Zero based, Oop shift amount: 3
Narrow klass base: 0x0000000800000000, Narrow klass shift: 0
Compressed class space size: 1073741824 Address: 0x0000000800000000

Heap:
 garbage-first heap   total 90112K, used 47561K [0x0000000601400000, 0x0000000800000000)
  region size 2048K, 11 young (22528K), 1 survivors (2048K)
 Metaspace       used 64348K, capacity 65611K, committed 65996K, reserved 1107968K
  class space    used 7435K, capacity 7837K, committed 7936K, reserved 1048576K
Heap Regions: E=young(eden), S=young(survivor), O=old, HS=humongous(starts), HC=humongous(continues), CS=collection set, F=free, OA=open archive, CA=closed archive, TAMS=top-at-mark-start (previous, next)
|   0|0x0000000601400000, 0x00000006015ffff8, 0x0000000601600000| 99%| O|  |TAMS 0x0000000601400000, 0x0000000601400000| Untracked 
|   1|0x0000000601600000, 0x0000000601800000, 0x0000000601800000|100%| O|  |TAMS 0x0000000601600000, 0x0000000601600000| Untracked 
|   2|0x0000000601800000, 0x0000000601a00000, 0x0000000601a00000|100%| O|  |TAMS 0x0000000601800000, 0x0000000601800000| Untracked 
|   3|0x0000000601a00000, 0x0000000601c00000, 0x0000000601c00000|100%| O|  |TAMS 0x0000000601a00000, 0x0000000601a00000| Untracked 
|   4|0x0000000601c00000, 0x0000000601e00000, 0x0000000601e00000|100%| O|  |TAMS 0x0000000601c00000, 0x0000000601c00000| Untracked 
|   5|0x0000000601e00000, 0x0000000601fffff0, 0x0000000602000000| 99%| O|  |TAMS 0x0000000601e00000, 0x0000000601e00000| Untracked 
|   6|0x0000000602000000, 0x00000006021ffff0, 0x0000000602200000| 99%| O|  |TAMS 0x0000000602000000, 0x0000000602000000| Untracked 
|   7|0x0000000602200000, 0x00000006023fffb8, 0x0000000602400000| 99%| O|  |TAMS 0x0000000602200000, 0x0000000602200000| Untracked 
|   8|0x0000000602400000, 0x00000006025fffc0, 0x0000000602600000| 99%| O|  |TAMS 0x0000000602400000, 0x0000000602400000| Untracked 
|   9|0x0000000602600000, 0x00000006027f9100, 0x0000000602800000| 98%| O|  |TAMS 0x0000000602600000, 0x0000000602600000| Untracked 
|  10|0x0000000602800000, 0x00000006029ffff8, 0x0000000602a00000| 99%| O|  |TAMS 0x0000000602800000, 0x0000000602800000| Untracked 
|  11|0x0000000602a00000, 0x0000000602bf5b28, 0x0000000602c00000| 97%| O|  |TAMS 0x0000000602a00000, 0x0000000602a00000| Untracked 
|  12|0x0000000602c00000, 0x0000000602d5b3a8, 0x0000000602e00000| 67%| O|  |TAMS 0x0000000602c00000, 0x0000000602c00000| Untracked 
|  13|0x0000000602e00000, 0x0000000602fffff0, 0x0000000603000000| 99%| O|  |TAMS 0x0000000602e00000, 0x0000000602e00000| Untracked 
|  14|0x0000000603000000, 0x0000000603004720, 0x0000000603200000|  0%| O|  |TAMS 0x0000000603000000, 0x0000000603000000| Untracked 
|  15|0x0000000603200000, 0x0000000603200000, 0x0000000603400000|  0%| F|  |TAMS 0x0000000603200000, 0x0000000603200000| Untracked 
|  16|0x0000000603400000, 0x0000000603400000, 0x0000000603600000|  0%| F|  |TAMS 0x0000000603400000, 0x0000000603400000| Untracked 
|  17|0x0000000603600000, 0x0000000603600000, 0x0000000603800000|  0%| F|  |TAMS 0x0000000603600000, 0x0000000603600000| Untracked 
|  18|0x0000000603800000, 0x0000000603800000, 0x0000000603a00000|  0%| F|  |TAMS 0x0000000603800000, 0x0000000603800000| Untracked 
|  19|0x0000000603a00000, 0x0000000603a00000, 0x0000000603c00000|  0%| F|  |TAMS 0x0000000603a00000, 0x0000000603a00000| Untracked 
|  20|0x0000000603c00000, 0x0000000603c00000, 0x0000000603e00000|  0%| F|  |TAMS 0x0000000603c00000, 0x0000000603c00000| Untracked 
|  21|0x0000000603e00000, 0x0000000603e00000, 0x0000000604000000|  0%| F|  |TAMS 0x0000000603e00000, 0x0000000603e00000| Untracked 
|  22|0x0000000604000000, 0x0000000604016cb0, 0x0000000604200000|  4%| S|  |TAMS 0x0000000604000000, 0x0000000604000000| Untracked 
|  23|0x0000000604200000, 0x0000000604200000, 0x0000000604400000|  0%| F|  |TAMS 0x0000000604200000, 0x0000000604200000| Untracked 
|  24|0x0000000604400000, 0x0000000604400000, 0x0000000604600000|  0%| F|  |TAMS 0x0000000604400000, 0x0000000604400000| Untracked 
|  25|0x0000000604600000, 0x0000000604600000, 0x0000000604800000|  0%| F|  |TAMS 0x0000000604600000, 0x0000000604600000| Untracked 
|  26|0x0000000604800000, 0x0000000604800000, 0x0000000604a00000|  0%| F|  |TAMS 0x0000000604800000, 0x0000000604800000| Untracked 
|  27|0x0000000604a00000, 0x0000000604a00000, 0x0000000604c00000|  0%| F|  |TAMS 0x0000000604a00000, 0x0000000604a00000| Untracked 
|  28|0x0000000604c00000, 0x0000000604c00000, 0x0000000604e00000|  0%| F|  |TAMS 0x0000000604c00000, 0x0000000604c00000| Untracked 
|  29|0x0000000604e00000, 0x0000000604e00000, 0x0000000605000000|  0%| F|  |TAMS 0x0000000604e00000, 0x0000000604e00000| Untracked 
|  30|0x0000000605000000, 0x0000000605000000, 0x0000000605200000|  0%| F|  |TAMS 0x0000000605000000, 0x0000000605000000| Untracked 
|  31|0x0000000605200000, 0x0000000605200000, 0x0000000605400000|  0%| F|  |TAMS 0x0000000605200000, 0x0000000605200000| Untracked 
|  32|0x0000000605400000, 0x0000000605400000, 0x0000000605600000|  0%| F|  |TAMS 0x0000000605400000, 0x0000000605400000| Untracked 
|  33|0x0000000605600000, 0x0000000605600000, 0x0000000605800000|  0%| F|  |TAMS 0x0000000605600000, 0x0000000605600000| Untracked 
|  34|0x0000000605800000, 0x000000060590d1d8, 0x0000000605a00000| 52%| E|  |TAMS 0x0000000605800000, 0x0000000605800000| Untracked 
|  35|0x0000000605a00000, 0x0000000605c00000, 0x0000000605c00000|100%| E|  |TAMS 0x0000000605a00000, 0x0000000605a00000| Untracked 
|  36|0x0000000605c00000, 0x0000000605e00000, 0x0000000605e00000|100%| E|  |TAMS 0x0000000605c00000, 0x0000000605c00000| Untracked 
|  37|0x0000000605e00000, 0x0000000606000000, 0x0000000606000000|100%| E|  |TAMS 0x0000000605e00000, 0x0000000605e00000| Untracked 
|  38|0x0000000606000000, 0x0000000606200000, 0x0000000606200000|100%| E|  |TAMS 0x0000000606000000, 0x0000000606000000| Untracked 
|  39|0x0000000606200000, 0x0000000606400000, 0x0000000606400000|100%| E|  |TAMS 0x0000000606200000, 0x0000000606200000| Untracked 
|  40|0x0000000606400000, 0x0000000606600000, 0x0000000606600000|100%| E|  |TAMS 0x0000000606400000, 0x0000000606400000| Untracked 
|  41|0x0000000606600000, 0x0000000606800000, 0x0000000606800000|100%| E|  |TAMS 0x0000000606600000, 0x0000000606600000| Untracked 
|  42|0x0000000606800000, 0x0000000606a00000, 0x0000000606a00000|100%| E|  |TAMS 0x0000000606800000, 0x0000000606800000| Untracked 
|  43|0x0000000606a00000, 0x0000000606c00000, 0x0000000606c00000|100%| E|  |TAMS 0x0000000606a00000, 0x0000000606a00000| Untracked 

Card table byte_map: [0x000002489ab00000,0x000002489bb00000] _byte_map_base: 0x0000024897af6000

Marking Bits (Prev, Next): (CMBitMap*) 0x00000248845a6158, (CMBitMap*) 0x00000248845a6198
 Prev Bits: [0x000002489cb00000, 0x00000248a4ab0000)
 Next Bits: [0x00000248a4ab0000, 0x00000248aca60000)

Polling page: 0x0000024883e70000

Metaspace:

Usage:
  Non-class:     56.42 MB capacity,    55.58 MB ( 99%) used,   724.55 KB (  1%) free+waste,   136.69 KB ( <1%) overhead. 
      Class:      7.65 MB capacity,     7.26 MB ( 95%) used,   343.64 KB (  4%) free+waste,    57.50 KB ( <1%) overhead. 
       Both:     64.07 MB capacity,    62.84 MB ( 98%) used,     1.04 MB (  2%) free+waste,   194.19 KB ( <1%) overhead. 

Virtual space:
  Non-class space:       58.00 MB reserved,      56.70 MB ( 98%) committed 
      Class space:        1.00 GB reserved,       7.75 MB ( <1%) committed 
             Both:        1.06 GB reserved,      64.45 MB (  6%) committed 

Chunk freelists:
   Non-Class:  158.00 KB
       Class:  67.00 KB
        Both:  225.00 KB

MaxMetaspaceSize: 17179869184.00 GB
CompressedClassSpaceSize: 1.00 GB

CodeHeap 'non-profiled nmethods': size=120000Kb used=6016Kb max_used=6016Kb free=113983Kb
 bounds [0x0000024891940000, 0x0000024891f30000, 0x0000024898e70000]
CodeHeap 'profiled nmethods': size=120000Kb used=20967Kb max_used=20967Kb free=99033Kb
 bounds [0x000002488a410000, 0x000002488b890000, 0x0000024891940000]
CodeHeap 'non-nmethods': size=5760Kb used=1312Kb max_used=1373Kb free=4447Kb
 bounds [0x0000024889e70000, 0x000002488a0e0000, 0x000002488a410000]
 total_blobs=9073 nmethods=8479 adapters=505
 compilation: enabled
              stopped_count=0, restarted_count=0
 full_count=0

Compilation events (20 events):
Event: 2573.798 Thread 0x00000248b01fd000 10010       3       cat.udl.easymodel.logic.model.Reaction::isAllReactionDataFullfiled (300 bytes)
Event: 2573.799 Thread 0x00000248b01fd000 nmethod 10010 0x000002488b87f190 code [0x000002488b87f5e0, 0x000002488b881808]
Event: 2573.799 Thread 0x00000248b01ef800 10011       4       com.vaadin.ui.Button::getState (5 bytes)
Event: 2573.800 Thread 0x00000248b01fd000 10012       3       com.vaadin.server.JsonCodec$MethodProperty::getValue (18 bytes)
Event: 2573.800 Thread 0x00000248b01fd000 nmethod 10012 0x000002488b881f90 code [0x000002488b8821a0, 0x000002488b8827e8]
Event: 2573.800 Thread 0x00000248b01fd000 10013       3       com.vaadin.server.ResourceReference::getURL (299 bytes)
Event: 2573.800 Thread 0x00000248b01ef800 nmethod 10011 0x0000024891f1f490 code [0x0000024891f1f640, 0x0000024891f1f788]
Event: 2573.802 Thread 0x00000248b01fd000 nmethod 10013 0x000002488b882a10 code [0x000002488b883040, 0x000002488b8865f8]
Event: 2573.821 Thread 0x00000248b01ef800 10014       4       java.lang.PublicMethods$Key::matches (31 bytes)
Event: 2573.824 Thread 0x00000248b01ef800 nmethod 10014 0x0000024891f1f910 code [0x0000024891f1fb00, 0x0000024891f1fed8]
Event: 2574.634 Thread 0x00000248b01fd000 10015       3       cat.udl.easymodel.mathlink.MathLinkOp::evaluateToString (65 bytes)
Event: 2574.634 Thread 0x00000248b01fd000 nmethod 10015 0x000002488b887610 code [0x000002488b887880, 0x000002488b8886e8]
Event: 2577.044 Thread 0x00000248b01fd000 10016       3       com.vaadin.server.JsonPaintTarget::getLogger (9 bytes)
Event: 2577.044 Thread 0x00000248b01fd000 nmethod 10016 0x000002488b888a90 code [0x000002488b888c60, 0x000002488b888f68]
Event: 2577.044 Thread 0x00000248b01fd000 10017   !   3       org.apache.catalina.connector.Response::setContentType (120 bytes)
Event: 2577.045 Thread 0x00000248b01fd000 nmethod 10017 0x000002488b889110 code [0x000002488b8893a0, 0x000002488b88a088]
Event: 2578.527 Thread 0x00000248b01fd000 10018   !   3       elemental.json.impl.JsonTokenizer::getNumberForLiteral (42 bytes)
Event: 2578.527 Thread 0x00000248b01fd000 nmethod 10018 0x000002488b88a490 code [0x000002488b88a740, 0x000002488b88b3b8]
Event: 2578.527 Thread 0x00000248b01fd000 10019       3       com.vaadin.ui.Window::getState (9 bytes)
Event: 2578.527 Thread 0x00000248b01fd000 nmethod 10019 0x000002488b88b910 code [0x000002488b88bb00, 0x000002488b88c148]

GC Heap History (20 events):
Event: 2550.278 GC heap before
{Heap before GC invocations=603 (full 26):
 garbage-first heap   total 96256K, used 67836K [0x0000000601400000, 0x0000000800000000)
  region size 2048K, 21 young (43008K), 0 survivors (0K)
 Metaspace       used 64167K, capacity 65456K, committed 65740K, reserved 1107968K
  class space    used 7433K, capacity 7833K, committed 7936K, reserved 1048576K
}
Event: 2550.314 GC heap after
{Heap after GC invocations=604 (full 27):
 garbage-first heap   total 96256K, used 27962K [0x0000000601400000, 0x0000000800000000)
  region size 2048K, 0 young (0K), 0 survivors (0K)
 Metaspace       used 64167K, capacity 65456K, committed 65740K, reserved 1107968K
  class space    used 7433K, capacity 7833K, committed 7936K, reserved 1048576K
}
Event: 2551.052 GC heap before
{Heap before GC invocations=604 (full 27):
 garbage-first heap   total 96256K, used 77114K [0x0000000601400000, 0x0000000800000000)
  region size 2048K, 24 young (49152K), 0 survivors (0K)
 Metaspace       used 64167K, capacity 65456K, committed 65740K, reserved 1107968K
  class space    used 7433K, capacity 7833K, committed 7936K, reserved 1048576K
}
Event: 2551.052 GC heap after
{Heap after GC invocations=605 (full 27):
 garbage-first heap   total 96256K, used 27992K [0x0000000601400000, 0x0000000800000000)
  region size 2048K, 1 young (2048K), 1 survivors (2048K)
 Metaspace       used 64167K, capacity 65456K, committed 65740K, reserved 1107968K
  class space    used 7433K, capacity 7833K, committed 7936K, reserved 1048576K
}
Event: 2554.590 GC heap before
{Heap before GC invocations=605 (full 27):
 garbage-first heap   total 96256K, used 56664K [0x0000000601400000, 0x0000000800000000)
  region size 2048K, 17 young (34816K), 1 survivors (2048K)
 Metaspace       used 64181K, capacity 65456K, committed 65740K, reserved 1107968K
  class space    used 7433K, capacity 7833K, committed 7936K, reserved 1048576K
}
Event: 2554.623 GC heap after
{Heap after GC invocations=606 (full 28):
 garbage-first heap   total 90112K, used 26043K [0x0000000601400000, 0x0000000800000000)
  region size 2048K, 0 young (0K), 0 survivors (0K)
 Metaspace       used 64181K, capacity 65456K, committed 65740K, reserved 1107968K
  class space    used 7433K, capacity 7833K, committed 7936K, reserved 1048576K
}
Event: 2561.464 GC heap before
{Heap before GC invocations=606 (full 28):
 garbage-first heap   total 90112K, used 73147K [0x0000000601400000, 0x0000000800000000)
  region size 2048K, 24 young (49152K), 0 survivors (0K)
 Metaspace       used 64263K, capacity 65522K, committed 65996K, reserved 1107968K
  class space    used 7433K, capacity 7833K, committed 7936K, reserved 1048576K
}
Event: 2561.465 GC heap after
{Heap after GC invocations=607 (full 28):
 garbage-first heap   total 90112K, used 28872K [0x0000000601400000, 0x0000000800000000)
  region size 2048K, 2 young (4096K), 2 survivors (4096K)
 Metaspace       used 64263K, capacity 65522K, committed 65996K, reserved 1107968K
  class space    used 7433K, capacity 7833K, committed 7936K, reserved 1048576K
}
Event: 2562.129 GC heap before
{Heap before GC invocations=607 (full 28):
 garbage-first heap   total 90112K, used 71880K [0x0000000601400000, 0x0000000800000000)
  region size 2048K, 23 young (47104K), 2 survivors (4096K)
 Metaspace       used 64263K, capacity 65522K, committed 65996K, reserved 1107968K
  class space    used 7433K, capacity 7833K, committed 7936K, reserved 1048576K
}
Event: 2562.130 GC heap after
{Heap after GC invocations=608 (full 28):
 garbage-first heap   total 90112K, used 28949K [0x0000000601400000, 0x0000000800000000)
  region size 2048K, 2 young (4096K), 2 survivors (4096K)
 Metaspace       used 64263K, capacity 65522K, committed 65996K, reserved 1107968K
  class space    used 7433K, capacity 7833K, committed 7936K, reserved 1048576K
}
Event: 2564.054 GC heap before
{Heap before GC invocations=608 (full 28):
 garbage-first heap   total 90112K, used 74005K [0x0000000601400000, 0x0000000800000000)
  region size 2048K, 24 young (49152K), 2 survivors (4096K)
 Metaspace       used 64274K, capacity 65522K, committed 65996K, reserved 1107968K
  class space    used 7433K, capacity 7833K, committed 7936K, reserved 1048576K
}
Event: 2564.055 GC heap after
{Heap after GC invocations=609 (full 28):
 garbage-first heap   total 90112K, used 27189K [0x0000000601400000, 0x0000000800000000)
  region size 2048K, 1 young (2048K), 1 survivors (2048K)
 Metaspace       used 64274K, capacity 65522K, committed 65996K, reserved 1107968K
  class space    used 7433K, capacity 7833K, committed 7936K, reserved 1048576K
}
Event: 2564.130 GC heap before
{Heap before GC invocations=609 (full 28):
 garbage-first heap   total 90112K, used 64053K [0x0000000601400000, 0x0000000800000000)
  region size 2048K, 20 young (40960K), 1 survivors (2048K)
 Metaspace       used 64274K, capacity 65522K, committed 65996K, reserved 1107968K
  class space    used 7433K, capacity 7833K, committed 7936K, reserved 1048576K
}
Event: 2564.164 GC heap after
{Heap after GC invocations=610 (full 29):
 garbage-first heap   total 90112K, used 26477K [0x0000000601400000, 0x0000000800000000)
  region size 2048K, 0 young (0K), 0 survivors (0K)
 Metaspace       used 64274K, capacity 65522K, committed 65996K, reserved 1107968K
  class space    used 7433K, capacity 7833K, committed 7936K, reserved 1048576K
}
Event: 2572.616 GC heap before
{Heap before GC invocations=610 (full 29):
 garbage-first heap   total 90112K, used 67437K [0x0000000601400000, 0x0000000800000000)
  region size 2048K, 22 young (45056K), 0 survivors (0K)
 Metaspace       used 64337K, capacity 65611K, committed 65996K, reserved 1107968K
  class space    used 7435K, capacity 7837K, committed 7936K, reserved 1048576K
}
Event: 2572.652 GC heap after
{Heap after GC invocations=611 (full 30):
 garbage-first heap   total 90112K, used 27961K [0x0000000601400000, 0x0000000800000000)
  region size 2048K, 0 young (0K), 0 survivors (0K)
 Metaspace       used 64337K, capacity 65611K, committed 65996K, reserved 1107968K
  class space    used 7435K, capacity 7837K, committed 7936K, reserved 1048576K
}
Event: 2573.333 GC heap before
{Heap before GC invocations=611 (full 30):
 garbage-first heap   total 90112K, used 73017K [0x0000000601400000, 0x0000000800000000)
  region size 2048K, 22 young (45056K), 0 survivors (0K)
 Metaspace       used 64337K, capacity 65611K, committed 65996K, reserved 1107968K
  class space    used 7435K, capacity 7837K, committed 7936K, reserved 1048576K
}
Event: 2573.334 GC heap after
{Heap after GC invocations=612 (full 30):
 garbage-first heap   total 90112K, used 28269K [0x0000000601400000, 0x0000000800000000)
  region size 2048K, 1 young (2048K), 1 survivors (2048K)
 Metaspace       used 64337K, capacity 65611K, committed 65996K, reserved 1107968K
  class space    used 7435K, capacity 7837K, committed 7936K, reserved 1048576K
}
Event: 2574.631 GC heap before
{Heap before GC invocations=612 (full 30):
 garbage-first heap   total 90112K, used 71277K [0x0000000601400000, 0x0000000800000000)
  region size 2048K, 22 young (45056K), 1 survivors (2048K)
 Metaspace       used 64346K, capacity 65611K, committed 65996K, reserved 1107968K
  class space    used 7435K, capacity 7837K, committed 7936K, reserved 1048576K
}
Event: 2574.631 GC heap after
{Heap after GC invocations=613 (full 30):
 garbage-first heap   total 90112K, used 28052K [0x0000000601400000, 0x0000000800000000)
  region size 2048K, 1 young (2048K), 1 survivors (2048K)
 Metaspace       used 64346K, capacity 65611K, committed 65996K, reserved 1107968K
  class space    used 7435K, capacity 7837K, committed 7936K, reserved 1048576K
}

Deoptimization events (20 events):
Event: 2564.051 Thread 0x00000248b1335000 Uncommon trap: trap_request=0xffffff45 fr.pc=0x0000024891e54224 relative=0x0000000000002384
Event: 2564.051 Thread 0x00000248b1335000 Uncommon trap: reason=unstable_if action=reinterpret pc=0x0000024891e54224 method=java.util.ComparableTimSort.sort([Ljava/lang/Object;II[Ljava/lang/Object;II)V @ 105 c2
Event: 2564.051 Thread 0x00000248b1335000 DEOPT PACKING pc=0x0000024891e54224 sp=0x000000e98d9fc000
Event: 2564.051 Thread 0x00000248b1335000 DEOPT UNPACKING pc=0x0000024889eb912f sp=0x000000e98d9fbfb0 mode 2
Event: 2572.590 Thread 0x00000248b1330000 Uncommon trap: trap_request=0xffffffbe fr.pc=0x0000024891f14168 relative=0x0000000000000628
Event: 2572.591 Thread 0x00000248b1330000 Uncommon trap: reason=profile_predicate action=maybe_recompile pc=0x0000024891f14168 method=java.lang.PublicMethods$MethodList.filter([Ljava/lang/reflect/Method;Ljava/lang/String;[Ljava/lang/Class;Z)Ljava/lang/PublicMethods$MethodList; @ 21 c2
Event: 2572.591 Thread 0x00000248b1330000 DEOPT PACKING pc=0x0000024891f14168 sp=0x000000e98d4fcbc0
Event: 2572.591 Thread 0x00000248b1330000 DEOPT UNPACKING pc=0x0000024889eb912f sp=0x000000e98d4fcb58 mode 2
Event: 2572.591 Thread 0x00000248b1330000 Uncommon trap: trap_request=0xffffffbe fr.pc=0x0000024891f14168 relative=0x0000000000000628
Event: 2572.591 Thread 0x00000248b1330000 Uncommon trap: reason=profile_predicate action=maybe_recompile pc=0x0000024891f14168 method=java.lang.PublicMethods$MethodList.filter([Ljava/lang/reflect/Method;Ljava/lang/String;[Ljava/lang/Class;Z)Ljava/lang/PublicMethods$MethodList; @ 21 c2
Event: 2572.591 Thread 0x00000248b1330000 DEOPT PACKING pc=0x0000024891f14168 sp=0x000000e98d4fcb10
Event: 2572.591 Thread 0x00000248b1330000 DEOPT UNPACKING pc=0x0000024889eb912f sp=0x000000e98d4fcaa8 mode 2
Event: 2572.591 Thread 0x00000248b1330000 Uncommon trap: trap_request=0xffffffbe fr.pc=0x0000024891f14168 relative=0x0000000000000628
Event: 2572.591 Thread 0x00000248b1330000 Uncommon trap: reason=profile_predicate action=maybe_recompile pc=0x0000024891f14168 method=java.lang.PublicMethods$MethodList.filter([Ljava/lang/reflect/Method;Ljava/lang/String;[Ljava/lang/Class;Z)Ljava/lang/PublicMethods$MethodList; @ 21 c2
Event: 2572.591 Thread 0x00000248b1330000 DEOPT PACKING pc=0x0000024891f14168 sp=0x000000e98d4fcb10
Event: 2572.591 Thread 0x00000248b1330000 DEOPT UNPACKING pc=0x0000024889eb912f sp=0x000000e98d4fcaa8 mode 2
Event: 2572.591 Thread 0x00000248b1330000 Uncommon trap: trap_request=0xffffffbe fr.pc=0x0000024891f14168 relative=0x0000000000000628
Event: 2572.591 Thread 0x00000248b1330000 Uncommon trap: reason=profile_predicate action=maybe_recompile pc=0x0000024891f14168 method=java.lang.PublicMethods$MethodList.filter([Ljava/lang/reflect/Method;Ljava/lang/String;[Ljava/lang/Class;Z)Ljava/lang/PublicMethods$MethodList; @ 21 c2
Event: 2572.591 Thread 0x00000248b1330000 DEOPT PACKING pc=0x0000024891f14168 sp=0x000000e98d4fca60
Event: 2572.591 Thread 0x00000248b1330000 DEOPT UNPACKING pc=0x0000024889eb912f sp=0x000000e98d4fc9f8 mode 2

Classes unloaded (20 events):
Event: 1130.104 Thread 0x00000248b01a6800 Unloading class 0x0000000800523440 'jdk/internal/reflect/GeneratedSerializationConstructorAccessor29'
Event: 1130.104 Thread 0x00000248b01a6800 Unloading class 0x0000000800523040 'jdk/internal/reflect/GeneratedSerializationConstructorAccessor28'
Event: 1130.104 Thread 0x00000248b01a6800 Unloading class 0x0000000800523c40 'jdk/internal/reflect/GeneratedSerializationConstructorAccessor27'
Event: 1130.104 Thread 0x00000248b01a6800 Unloading class 0x0000000800523840 'jdk/internal/reflect/GeneratedSerializationConstructorAccessor26'
Event: 1130.104 Thread 0x00000248b01a6800 Unloading class 0x0000000800524440 'jdk/internal/reflect/GeneratedSerializationConstructorAccessor25'
Event: 1130.104 Thread 0x00000248b01a6800 Unloading class 0x0000000800524040 'jdk/internal/reflect/GeneratedSerializationConstructorAccessor24'
Event: 1130.104 Thread 0x00000248b01a6800 Unloading class 0x0000000800524c40 'jdk/internal/reflect/GeneratedSerializationConstructorAccessor23'
Event: 1130.104 Thread 0x00000248b01a6800 Unloading class 0x0000000800524840 'jdk/internal/reflect/GeneratedSerializationConstructorAccessor22'
Event: 1130.104 Thread 0x00000248b01a6800 Unloading class 0x0000000800525440 'jdk/internal/reflect/GeneratedSerializationConstructorAccessor21'
Event: 1130.104 Thread 0x00000248b01a6800 Unloading class 0x0000000800525c40 'jdk/internal/reflect/GeneratedSerializationConstructorAccessor20'
Event: 1130.104 Thread 0x00000248b01a6800 Unloading class 0x0000000800525840 'jdk/internal/reflect/GeneratedSerializationConstructorAccessor19'
Event: 1130.104 Thread 0x00000248b01a6800 Unloading class 0x0000000800526440 'jdk/internal/reflect/GeneratedSerializationConstructorAccessor18'
Event: 1130.104 Thread 0x00000248b01a6800 Unloading class 0x0000000800526040 'jdk/internal/reflect/GeneratedSerializationConstructorAccessor17'
Event: 1130.104 Thread 0x00000248b01a6800 Unloading class 0x0000000800526c40 'jdk/internal/reflect/GeneratedSerializationConstructorAccessor16'
Event: 1130.104 Thread 0x00000248b01a6800 Unloading class 0x0000000800526840 'jdk/internal/reflect/GeneratedSerializationConstructorAccessor15'
Event: 1130.104 Thread 0x00000248b01a6800 Unloading class 0x0000000800527440 'jdk/internal/reflect/GeneratedSerializationConstructorAccessor14'
Event: 1130.104 Thread 0x00000248b01a6800 Unloading class 0x0000000800527c40 'jdk/internal/reflect/GeneratedSerializationConstructorAccessor12'
Event: 1130.104 Thread 0x00000248b01a6800 Unloading class 0x0000000800527840 'jdk/internal/reflect/GeneratedSerializationConstructorAccessor11'
Event: 1130.104 Thread 0x00000248b01a6800 Unloading class 0x0000000800522440 'jdk/internal/reflect/GeneratedSerializationConstructorAccessor10'
Event: 1130.104 Thread 0x00000248b01a6800 Unloading class 0x0000000800222840 'jdk/internal/reflect/GeneratedSerializationConstructorAccessor3'

Classes redefined (0 events):
No events

Internal exceptions (20 events):
Event: 1127.859 Thread 0x00000248b1336000 Exception <a 'java/lang/ClassNotFoundException'{0x0000000610ccc768}: com/vaadin/shared/ui/tabsheet/TabStateBeanInfo> (0x0000000610ccc768) 
thrown [./open/src/hotspot/share/classfile/systemDictionary.cpp, line 226]
Event: 1127.860 Thread 0x00000248b1336000 Exception <a 'java/lang/ClassNotFoundException'{0x0000000610cea338}: com/vaadin/shared/ui/tabsheet/TabStateCustomizer> (0x0000000610cea338) 
thrown [./open/src/hotspot/share/classfile/systemDictionary.cpp, line 226]
Event: 1130.141 Thread 0x00000248b4092000 Implicit null exception at 0x0000024891e1a5a2 to 0x0000024891e1a918
Event: 1131.871 Thread 0x00000248b4090800 Exception <a 'java/lang/ClassNotFoundException'{0x0000000607d68da8}: com/vaadin/shared/ui/image/ImageStateBeanInfo> (0x0000000607d68da8) 
thrown [./open/src/hotspot/share/classfile/systemDictionary.cpp, line 226]
Event: 1131.872 Thread 0x00000248b4090800 Exception <a 'java/lang/ClassNotFoundException'{0x0000000607d899d0}: com/vaadin/shared/ui/AbstractEmbeddedStateBeanInfo> (0x0000000607d899d0) 
thrown [./open/src/hotspot/share/classfile/systemDictionary.cpp, line 226]
Event: 1131.873 Thread 0x00000248b4090800 Exception <a 'java/lang/ClassNotFoundException'{0x0000000607dab2c8}: com/vaadin/shared/ui/AbstractEmbeddedStateCustomizer> (0x0000000607dab2c8) 
thrown [./open/src/hotspot/share/classfile/systemDictionary.cpp, line 226]
Event: 1131.875 Thread 0x00000248b4090800 Exception <a 'java/lang/ClassNotFoundException'{0x0000000607dcbde0}: com/vaadin/shared/ui/image/ImageStateCustomizer> (0x0000000607dcbde0) 
thrown [./open/src/hotspot/share/classfile/systemDictionary.cpp, line 226]
Event: 1132.701 Thread 0x00000248b133a000 Exception <a 'java/lang/ClassNotFoundException'{0x00000006076bbe08}: com/vaadin/shared/ui/gridlayout/GridLayoutStateBeanInfo> (0x00000006076bbe08) 
thrown [./open/src/hotspot/share/classfile/systemDictionary.cpp, line 226]
Event: 1132.702 Thread 0x00000248b133a000 Exception <a 'java/lang/ClassNotFoundException'{0x00000006076dbe78}: com/vaadin/shared/ui/gridlayout/GridLayoutStateCustomizer> (0x00000006076dbe78) 
thrown [./open/src/hotspot/share/classfile/systemDictionary.cpp, line 226]
Event: 1132.704 Thread 0x00000248b133a000 Exception <a 'java/lang/ClassNotFoundException'{0x00000006077472a8}: com/vaadin/shared/ui/gridlayout/GridLayoutState$ChildComponentDataBeanInfo> (0x00000006077472a8) 
thrown [./open/src/hotspot/share/classfile/systemDictionary.cpp, line 226]
Event: 1132.705 Thread 0x00000248b133a000 Exception <a 'java/lang/ClassNotFoundException'{0x000000060776ddb0}: com/vaadin/shared/ui/gridlayout/GridLayoutState$ChildComponentDataCustomizer> (0x000000060776ddb0) 
thrown [./open/src/hotspot/share/classfile/systemDictionary.cpp, line 226]
Event: 1132.706 Thread 0x00000248b133a000 Exception <a 'java/lang/ClassNotFoundException'{0x0000000607797450}: com/vaadin/shared/ui/progressindicator/ProgressBarStateBeanInfo> (0x0000000607797450) 
thrown [./open/src/hotspot/share/classfile/systemDictionary.cpp, line 226]
Event: 1132.707 Thread 0x00000248b133a000 Exception <a 'java/lang/ClassNotFoundException'{0x00000006077b98e0}: com/vaadin/shared/ui/progressindicator/ProgressBarStateCustomizer> (0x00000006077b98e0) 
thrown [./open/src/hotspot/share/classfile/systemDictionary.cpp, line 226]
Event: 1196.190 Thread 0x00000248b133a000 Exception <a 'java/lang/ClassNotFoundException'{0x00000006076c16b8}: com/vaadin/shared/extension/filedownloader/FileDownloaderStateBeanInfo> (0x00000006076c16b8) 
thrown [./open/src/hotspot/share/classfile/systemDictionary.cpp, line 226]
Event: 1196.191 Thread 0x00000248b133a000 Exception <a 'java/lang/ClassNotFoundException'{0x00000006076e6630}: com/vaadin/shared/extension/filedownloader/FileDownloaderStateCustomizer> (0x00000006076e6630) 
thrown [./open/src/hotspot/share/classfile/systemDictionary.cpp, line 226]
Event: 1224.156 Thread 0x00000248b2d25800 Exception <a 'java/lang/ClassNotFoundException'{0x00000006059d93a8}: com/vaadin/shared/ui/textarea/TextAreaStateBeanInfo> (0x00000006059d93a8) 
thrown [./open/src/hotspot/share/classfile/systemDictionary.cpp, line 226]
Event: 1224.157 Thread 0x00000248b2d25800 Exception <a 'java/lang/ClassNotFoundException'{0x00000006059fed90}: com/vaadin/shared/ui/textarea/TextAreaStateCustomizer> (0x00000006059fed90) 
thrown [./open/src/hotspot/share/classfile/systemDictionary.cpp, line 226]
Event: 2544.779 Thread 0x00000248b1321000 Exception <a 'java/lang/NoSuchMethodError'{0x0000000604f702c0}: 'void java.lang.invoke.DirectMethodHandle$Holder.invokeSpecial(java.lang.Object, java.lang.Object)'> (0x0000000604f702c0) 
thrown [./open/src/hotspot/share/interpreter/linkResolver.cpp, line 766]
Event: 2544.836 Thread 0x00000248b1321000 Exception <a 'java/lang/ClassNotFoundException'{0x0000000607053710}: com/vaadin/shared/ui/notification/NotificationStateBeanInfo> (0x0000000607053710) 
thrown [./open/src/hotspot/share/classfile/systemDictionary.cpp, line 226]
Event: 2544.837 Thread 0x00000248b1321000 Exception <a 'java/lang/ClassNotFoundException'{0x00000006070771b8}: com/vaadin/shared/ui/notification/NotificationStateCustomizer> (0x00000006070771b8) 
thrown [./open/src/hotspot/share/classfile/systemDictionary.cpp, line 226]

Events (20 events):
Event: 2573.799 Executing VM operation: HandshakeOneThread
Event: 2573.799 Executing VM operation: HandshakeOneThread done
Event: 2573.799 Thread 0x00000248b132c800 Thread exited: 0x00000248b132c800
Event: 2573.799 Thread 0x00000248b132b000 Thread added: 0x00000248b132b000
Event: 2574.631 Executing VM operation: G1CollectForAllocation
Event: 2574.631 Executing VM operation: G1CollectForAllocation done
Event: 2574.646 Thread 0x00000248b132e000 Thread added: 0x00000248b132e000
Event: 2574.646 Thread 0x00000248b132c800 Thread added: 0x00000248b132c800
Event: 2574.646 Thread 0x00000248b1328800 Thread added: 0x00000248b1328800
Event: 2575.793 Thread 0x00000248b4290000 Thread exited: 0x00000248b4290000
Event: 2575.793 Thread 0x00000248b132f000 Thread added: 0x00000248b132f000
Event: 2575.808 Thread 0x00000248b1329000 Thread added: 0x00000248b1329000
Event: 2575.947 Thread 0x00000248b132a000 Thread added: 0x00000248b132a000
Event: 2575.947 Thread 0x00000248b4bf3000 Thread added: 0x00000248b4bf3000
Event: 2578.075 Thread 0x00000248b4bf0800 Thread added: 0x00000248b4bf0800
Event: 2578.527 Thread 0x00000248b4bf3800 Thread added: 0x00000248b4bf3800
Event: 2578.527 Executing VM operation: HandshakeOneThread
Event: 2578.527 Executing VM operation: HandshakeOneThread done
Event: 2578.547 Executing VM operation: HandshakeOneThread
Event: 2578.547 Executing VM operation: HandshakeOneThread done


Dynamic libraries:
0x00007ff60d0f0000 - 0x00007ff60d0fd000 	C:\Users\bar\.p2\pool\plugins\org.eclipse.justj.openjdk.hotspot.jre.full.win32.x86_64_14.0.2.v20200815-0932\jre\bin\javaw.exe
0x00007ff84eb90000 - 0x00007ff84ed86000 	C:\WINDOWS\SYSTEM32\ntdll.dll
0x00007ff84e4c0000 - 0x00007ff84e57d000 	C:\WINDOWS\System32\KERNEL32.DLL
0x00007ff84c810000 - 0x00007ff84cad9000 	C:\WINDOWS\System32\KERNELBASE.dll
0x00007ff81c8d0000 - 0x00007ff81c9bd000 	C:\Program Files\Bitdefender\Bitdefender Security\atcuf\265136450590600866\atcuf64.dll
0x00007ff84c430000 - 0x00007ff84c530000 	C:\WINDOWS\System32\ucrtbase.dll
0x00007ff83c960000 - 0x00007ff83c978000 	C:\Users\bar\.p2\pool\plugins\org.eclipse.justj.openjdk.hotspot.jre.full.win32.x86_64_14.0.2.v20200815-0932\jre\bin\jli.dll
0x00007ff84e580000 - 0x00007ff84e720000 	C:\WINDOWS\System32\USER32.dll
0x00007ff84c7e0000 - 0x00007ff84c802000 	C:\WINDOWS\System32\win32u.dll
0x00007ff84e8d0000 - 0x00007ff84e8fa000 	C:\WINDOWS\System32\GDI32.dll
0x00007ff84cae0000 - 0x00007ff84cbeb000 	C:\WINDOWS\System32\gdi32full.dll
0x00007ff84c6b0000 - 0x00007ff84c74d000 	C:\WINDOWS\System32\msvcp_win.dll
0x00007ff83c940000 - 0x00007ff83c955000 	C:\Users\bar\.p2\pool\plugins\org.eclipse.justj.openjdk.hotspot.jre.full.win32.x86_64_14.0.2.v20200815-0932\jre\bin\VCRUNTIME140.dll
0x00007ff83bfe0000 - 0x00007ff83c27b000 	C:\WINDOWS\WinSxS\amd64_microsoft.windows.common-controls_6595b64144ccf1df_6.0.19041.746_none_ca02b4b61b8320a4\COMCTL32.dll
0x00007ff84e1f0000 - 0x00007ff84e28e000 	C:\WINDOWS\System32\msvcrt.dll
0x00007ff84cbf0000 - 0x00007ff84cc20000 	C:\WINDOWS\System32\IMM32.DLL
0x00007ff803b40000 - 0x00007ff803bdb000 	C:\Users\bar\.p2\pool\plugins\org.eclipse.justj.openjdk.hotspot.jre.full.win32.x86_64_14.0.2.v20200815-0932\jre\bin\msvcp140.dll
0x00007fffed8d0000 - 0x00007fffee3ee000 	C:\Users\bar\.p2\pool\plugins\org.eclipse.justj.openjdk.hotspot.jre.full.win32.x86_64_14.0.2.v20200815-0932\jre\bin\server\jvm.dll
0x00007ff84d8e0000 - 0x00007ff84d98c000 	C:\WINDOWS\System32\ADVAPI32.dll
0x00007ff84e150000 - 0x00007ff84e1ec000 	C:\WINDOWS\System32\sechost.dll
0x00007ff84e900000 - 0x00007ff84ea2b000 	C:\WINDOWS\System32\RPCRT4.dll
0x00007ff84cda0000 - 0x00007ff84cda8000 	C:\WINDOWS\System32\PSAPI.DLL
0x00007ff8302a0000 - 0x00007ff8302a9000 	C:\WINDOWS\SYSTEM32\WSOCK32.dll
0x00007ff84e0e0000 - 0x00007ff84e14b000 	C:\WINDOWS\System32\WS2_32.dll
0x00007ff846210000 - 0x00007ff846237000 	C:\WINDOWS\SYSTEM32\WINMM.dll
0x00007ff845a30000 - 0x00007ff845a3a000 	C:\WINDOWS\SYSTEM32\VERSION.dll
0x00007ff84a240000 - 0x00007ff84a252000 	C:\WINDOWS\SYSTEM32\kernel.appcore.dll
0x00007ff848eb0000 - 0x00007ff848eba000 	C:\Users\bar\.p2\pool\plugins\org.eclipse.justj.openjdk.hotspot.jre.full.win32.x86_64_14.0.2.v20200815-0932\jre\bin\jimage.dll
0x00007ff843d00000 - 0x00007ff843ee4000 	C:\WINDOWS\SYSTEM32\DBGHELP.DLL
0x00007ff830090000 - 0x00007ff8300bc000 	C:\WINDOWS\SYSTEM32\dbgcore.DLL
0x00007ff84c530000 - 0x00007ff84c5b0000 	C:\WINDOWS\System32\bcryptPrimitives.dll
0x00007ff82a980000 - 0x00007ff82a9a5000 	C:\Users\bar\.p2\pool\plugins\org.eclipse.justj.openjdk.hotspot.jre.full.win32.x86_64_14.0.2.v20200815-0932\jre\bin\java.dll
0x00007ff82a960000 - 0x00007ff82a976000 	C:\Users\bar\.p2\pool\plugins\org.eclipse.justj.openjdk.hotspot.jre.full.win32.x86_64_14.0.2.v20200815-0932\jre\bin\zip.dll
0x00007ff84d990000 - 0x00007ff84e0d2000 	C:\WINDOWS\System32\SHELL32.dll
0x00007ff84a440000 - 0x00007ff84abd0000 	C:\WINDOWS\SYSTEM32\windows.storage.dll
0x00007ff84cee0000 - 0x00007ff84d236000 	C:\WINDOWS\System32\combase.dll
0x00007ff84bd30000 - 0x00007ff84bd5c000 	C:\WINDOWS\SYSTEM32\Wldp.dll
0x00007ff84d7c0000 - 0x00007ff84d86e000 	C:\WINDOWS\System32\SHCORE.dll
0x00007ff84cc20000 - 0x00007ff84cc75000 	C:\WINDOWS\System32\shlwapi.dll
0x00007ff84c200000 - 0x00007ff84c226000 	C:\WINDOWS\SYSTEM32\profapi.dll
0x00007ff82a940000 - 0x00007ff82a959000 	C:\Users\bar\.p2\pool\plugins\org.eclipse.justj.openjdk.hotspot.jre.full.win32.x86_64_14.0.2.v20200815-0932\jre\bin\net.dll
0x00007ff842450000 - 0x00007ff842550000 	C:\WINDOWS\SYSTEM32\WINHTTP.dll
0x00007ff84bab0000 - 0x00007ff84bb1a000 	C:\WINDOWS\system32\mswsock.dll
0x00007ff821cb0000 - 0x00007ff821cc2000 	C:\Users\bar\.p2\pool\plugins\org.eclipse.justj.openjdk.hotspot.jre.full.win32.x86_64_14.0.2.v20200815-0932\jre\bin\nio.dll
0x00007ff846410000 - 0x00007ff846419000 	C:\Users\bar\.p2\pool\plugins\org.eclipse.justj.openjdk.hotspot.jre.full.win32.x86_64_14.0.2.v20200815-0932\jre\bin\management.dll
0x00007ff845720000 - 0x00007ff84572b000 	C:\Users\bar\.p2\pool\plugins\org.eclipse.justj.openjdk.hotspot.jre.full.win32.x86_64_14.0.2.v20200815-0932\jre\bin\management_ext.dll
0x0000000180000000 - 0x0000000180285000 	C:\APPS\tomcat9-testing\bin\tcnative-1.dll
0x00007ff84c2d0000 - 0x00007ff84c426000 	C:\WINDOWS\System32\CRYPT32.dll
0x00007ff84bc80000 - 0x00007ff84bc98000 	C:\WINDOWS\SYSTEM32\CRYPTSP.dll
0x00007ff84b3e0000 - 0x00007ff84b414000 	C:\WINDOWS\system32\rsaenh.dll
0x00007ff84c750000 - 0x00007ff84c777000 	C:\WINDOWS\System32\bcrypt.dll
0x00007ff84bca0000 - 0x00007ff84bcac000 	C:\WINDOWS\SYSTEM32\CRYPTBASE.dll
0x00007ff84b750000 - 0x00007ff84b78b000 	C:\WINDOWS\SYSTEM32\IPHLPAPI.DLL
0x00007ff84eae0000 - 0x00007ff84eae8000 	C:\WINDOWS\System32\NSI.dll
0x00007ff844f20000 - 0x00007ff844f37000 	C:\WINDOWS\SYSTEM32\dhcpcsvc6.DLL
0x00007ff844db0000 - 0x00007ff844dcd000 	C:\WINDOWS\SYSTEM32\dhcpcsvc.DLL
0x00007ff84b7a0000 - 0x00007ff84b86b000 	C:\WINDOWS\SYSTEM32\DNSAPI.dll
0x00007ff84c180000 - 0x00007ff84c1ae000 	C:\WINDOWS\SYSTEM32\USERENV.dll
0x00007ff845680000 - 0x00007ff845690000 	C:\Users\bar\.p2\pool\plugins\org.eclipse.justj.openjdk.hotspot.jre.full.win32.x86_64_14.0.2.v20200815-0932\jre\bin\verify.dll
0x00007ff840730000 - 0x00007ff84073a000 	C:\Windows\System32\rasadhlp.dll
0x00007ff83fca0000 - 0x00007ff83fd1f000 	C:\WINDOWS\System32\fwpuclnt.dll
0x00007fffed750000 - 0x00007fffed8c9000 	C:\webMathematica\WEB-INF\lib\SystemFiles\Libraries\Windows-x86-64\JLinkNativeLibrary.dll
0x00007ff84e3e0000 - 0x00007ff84e4ba000 	C:\WINDOWS\System32\COMDLG32.dll
0x00007ff8276a0000 - 0x00007ff8276b7000 	C:\WINDOWS\system32\napinsp.dll
0x00007ff849d30000 - 0x00007ff849dce000 	C:\WINDOWS\system32\uxtheme.dll
0x00007ff827680000 - 0x00007ff82769b000 	C:\WINDOWS\system32\pnrpnsp.dll
0x00007ff847430000 - 0x00007ff847445000 	C:\WINDOWS\system32\wshbth.dll
0x00007ff84cc80000 - 0x00007ff84cd95000 	C:\WINDOWS\System32\MSCTF.dll
0x00007ff84e310000 - 0x00007ff84e3dd000 	C:\WINDOWS\System32\OLEAUT32.dll
0x00007ff8481d0000 - 0x00007ff8481ed000 	C:\WINDOWS\system32\NLAapi.dll
0x00007ff8275a0000 - 0x00007ff8275b2000 	C:\WINDOWS\System32\winrnr.dll

dbghelp: loaded successfully - version: 4.0.5 - missing functions: none
symbol engine: initialized successfully - sym options: 0x614 - pdb path: .;C:\Users\bar\.p2\pool\plugins\org.eclipse.justj.openjdk.hotspot.jre.full.win32.x86_64_14.0.2.v20200815-0932\jre\bin;C:\WINDOWS\SYSTEM32;C:\Program Files\Bitdefender\Bitdefender Security\atcuf\265136450590600866;C:\WINDOWS\WinSxS\amd64_microsoft.windows.common-controls_6595b64144ccf1df_6.0.19041.746_none_ca02b4b61b8320a4;C:\Users\bar\.p2\pool\plugins\org.eclipse.justj.openjdk.hotspot.jre.full.win32.x86_64_14.0.2.v20200815-0932\jre\bin\server;C:\APPS\tomcat9-testing\bin;C:\webMathematica\WEB-INF\lib\SystemFiles\Libraries\Windows-x86-64

VM Arguments:
jvm_args: -Dcatalina.base=C:\Users\bar\eclipse-workspace\.metadata\.plugins\org.eclipse.wst.server.core\tmp0 -Dcatalina.home=C:\APPS\tomcat9-testing -Dwtp.deploy=C:\Users\bar\eclipse-workspace\.metadata\.plugins\org.eclipse.wst.server.core\tmp0\wtpwebapps -Dfile.encoding=Cp1252 -XX:+ShowCodeDetailsInExceptionMessages 
java_command: org.apache.catalina.startup.Bootstrap start
java_class_path (initial): C:\APPS\tomcat9-testing\bin\bootstrap.jar;C:\APPS\tomcat9-testing\bin\tomcat-juli.jar;C:\webMathematica\WEB-INF\lib\JLink.jar
Launcher Type: SUN_STANDARD

[Global flags]
     intx CICompilerCount                          = 4                                         {product} {ergonomic}
     uint ConcGCThreads                            = 3                                         {product} {ergonomic}
     uint G1ConcRefinementThreads                  = 10                                        {product} {ergonomic}
   size_t G1HeapRegionSize                         = 2097152                                   {product} {ergonomic}
    uintx GCDrainStackTargetSize                   = 64                                        {product} {ergonomic}
   size_t InitialHeapSize                          = 536870912                                 {product} {ergonomic}
   size_t MarkStackSize                            = 4194304                                   {product} {ergonomic}
   size_t MaxHeapSize                              = 8568963072                                {product} {ergonomic}
   size_t MaxNewSize                               = 5140119552                                {product} {ergonomic}
   size_t MinHeapDeltaBytes                        = 2097152                                   {product} {ergonomic}
   size_t MinHeapSize                              = 8388608                                   {product} {ergonomic}
    uintx NonNMethodCodeHeapSize                   = 5839372                                {pd product} {ergonomic}
    uintx NonProfiledCodeHeapSize                  = 122909434                              {pd product} {ergonomic}
    uintx ProfiledCodeHeapSize                     = 122909434                              {pd product} {ergonomic}
    uintx ReservedCodeCacheSize                    = 251658240                              {pd product} {ergonomic}
     bool SegmentedCodeCache                       = true                                      {product} {ergonomic}
     bool ShowCodeDetailsInExceptionMessages       = true                                   {manageable} {command line}
   size_t SoftMaxHeapSize                          = 8568963072                             {manageable} {ergonomic}
     bool UseCompressedClassPointers               = true                                 {lp64_product} {ergonomic}
     bool UseCompressedOops                        = true                                 {lp64_product} {ergonomic}
     bool UseG1GC                                  = true                                      {product} {ergonomic}
     bool UseLargePagesIndividualAllocation        = false                                  {pd product} {ergonomic}

Logging:
Log output configuration:
 #0: stdout all=warning uptime,level,tags
 #1: stderr all=off uptime,level,tags

Environment Variables:
PATH=C:/Users/bar/.p2/pool/plugins/org.eclipse.justj.openjdk.hotspot.jre.full.win32.x86_64_15.0.1.v20201027-0507/jre/bin/server;C:/Users/bar/.p2/pool/plugins/org.eclipse.justj.openjdk.hotspot.jre.full.win32.x86_64_15.0.1.v20201027-0507/jre/bin;C:\Program Files (x86)\Common Files\Oracle\Java\javapath;C:\Windows\system32;C:\Windows;C:\Windows\System32\Wbem;C:\Windows\System32\WindowsPowerShell\v1.0\;C:\Windows\System32\OpenSSH\;C:\Program Files (x86)\NVIDIA Corporation\PhysX\Common;C:\Program Files\nodejs\;C:\WINDOWS\system32;C:\WINDOWS;C:\WINDOWS\System32\Wbem;C:\WINDOWS\System32\WindowsPowerShell\v1.0\;C:\WINDOWS\System32\OpenSSH\;C:\Program Files\Wolfram Research\WolframScript\;C:\Program Files\AutoFirma\AutoFirma;C:\Program Files\Gemalto\Classic Client\BIN;C:\Program Files (x86)\Gemalto\Classic Client\BIN;C:\Users\bar\AppData\Local\Microsoft\WindowsApps;;C:\Program Files\JetBrains\WebStorm 2019.3.3\bin;;C:\Users\bar\AppData\Roaming\npm;C:\Users\bar\eclipse\jee-2020-09\eclipse;
USERNAME=bar
OS=Windows_NT
PROCESSOR_IDENTIFIER=AMD64 Family 23 Model 113 Stepping 0, AuthenticAMD



---------------  S Y S T E M  ---------------

OS: Windows 10 , 64 bit Build 19041 (10.0.19041.804)
OS uptime: 0 days 12:47 hours

CPU:total 12 (initial active 12) (12 cores per cpu, 2 threads per core) family 23 model 113 stepping 0, cmov, cx8, fxsr, mmx, sse, sse2, sse3, ssse3, sse4.1, sse4.2, popcnt, avx, avx2, aes, clmul, mmxext, 3dnowpref, lzcnt, sse4a, ht, tsc, tscinvbit, tscinv, bmi1, bmi2, adx, sha, fma

Memory: 4k page, system-wide physical 32684M (20955M free)
TotalPageFile size 37548M (AvailPageFile size 22180M)
current process WorkingSet (physical memory assigned to process): 286M, peak: 420M
current process commit charge ("private bytes"): 331M, peak: 657M

vm_info: OpenJDK 64-Bit Server VM (14.0.2+12-46) for windows-amd64 JRE (14.0.2+12-46), built on Jul  9 2020 00:31:16 by "mach5one" with MS VC++ 15.9 (VS2017)

END.
