#
# A fatal error has been detected by the Java Runtime Environment:
#
#  EXCEPTION_ACCESS_VIOLATION (0xc0000005) at pc=0x00007ffcbcd534ca, pid=728, tid=8664
#
# JRE version: OpenJDK Runtime Environment (14.0.2+12) (build 14.0.2+12-46)
# Java VM: OpenJDK 64-Bit Server VM (14.0.2+12-46, mixed mode, tiered, compressed oops, g1 gc, windows-amd64)
# Problematic frame:
# C  [JLinkNativeLibrary.dll+0x834ca]
#
# No core dump will be written. Minidumps are not enabled by default on client versions of Windows
#
# If you would like to submit a bug report, please visit:
#   https://bugreport.java.com/bugreport/crash.jsp
# The crash happened outside the Java Virtual Machine in native code.
# See problematic frame for where to report the bug.
#

---------------  S U M M A R Y ------------

Command Line: -Dcatalina.base=C:\Users\Bar\eclipse-workspace\.metadata\.plugins\org.eclipse.wst.server.core\tmp0 -Dcatalina.home=C:\APPS\tomcat-testing -Dwtp.deploy=C:\Users\Bar\eclipse-workspace\.metadata\.plugins\org.eclipse.wst.server.core\tmp0\wtpwebapps -Dfile.encoding=Cp1252 -XX:+ShowCodeDetailsInExceptionMessages org.apache.catalina.startup.Bootstrap start

Host: Intel(R) Xeon(R) CPU E31270 @ 3.40GHz, 8 cores, 15G,  Windows 10 , 64 bit Build 19041 (10.0.19041.804)
Time: Mon Mar  8 14:48:31 2021 Romance Standard Time elapsed time: 6242 seconds (0d 1h 44m 2s)

---------------  T H R E A D  ---------------

Current thread (0x0000025379a2c800):  JavaThread "Thread-89" daemon [_thread_in_native, id=8664, stack(0x000000903cd00000,0x000000903ce00000)]

Stack: [0x000000903cd00000,0x000000903ce00000],  sp=0x000000903cdfec00,  free space=1019k
Native frames: (J=compiled Java code, j=interpreted, Vv=VM code, C=native code)
C  [JLinkNativeLibrary.dll+0x834ca]

Java frames: (J=compiled Java code, j=interpreted, Vv=VM code)
j  com.wolfram.jlink.NativeLink.MLPutMessage(JI)V+0
j  com.wolfram.jlink.NativeLink.putMessage(I)V+27
j  com.wolfram.jlink.WrappedKernelLink.putMessage(I)V+5
j  com.wolfram.jlink.KernelLinkImpl.terminateKernel()V+2
j  cat.udl.easymodel.mathlink.MathLinkOp.closeMathLink()V+38
j  cat.udl.easymodel.main.SessionData.closeMathLinkOp()V+11
j  cat.udl.easymodel.thread.SimulationManagerThread.run()V+169
v  ~StubRoutines::call_stub

siginfo: EXCEPTION_ACCESS_VIOLATION (0xc0000005), reading address 0x0000000000000028


Register to memory mapping:

RIP=0x00007ffcbcd534ca JLinkNativeLibrary.dll
RAX=0x000000903cdfec28 is pointing into the stack for thread: 0x0000025379a2c800
RBX=0x0000000000000001 is an unknown value
RCX=0x00007ffce91cc6a4 ntdll.dll
RDX=0x0 is NULL
RSP=0x000000903cdfec00 is pointing into the stack for thread: 0x0000025379a2c800
RBP=0x0 is NULL
RSI=0x0 is NULL
RDI=0x000002537d83e418 points into unknown readable memory: 48 54 da bc fc 7f 00 00
R8 =0x000000903cdfeae8 is pointing into the stack for thread: 0x0000025379a2c800
R9 =0x0 is NULL
R10=0x0 is NULL
R11=0x0000000000000246 is an unknown value
R12=0x0 is NULL
R13={method} {0x000002537ebb3f10} 'MLPutMessage' '(JI)V' in 'com/wolfram/jlink/NativeLink'
R14=0x000000903cdfede0 is pointing into the stack for thread: 0x0000025379a2c800
R15=0x0000025379a2c800 is a thread


Registers:
RAX=0x000000903cdfec28, RBX=0x0000000000000001, RCX=0x00007ffce91cc6a4, RDX=0x0000000000000000
RSP=0x000000903cdfec00, RBP=0x0000000000000000, RSI=0x0000000000000000, RDI=0x000002537d83e418
R8 =0x000000903cdfeae8, R9 =0x0000000000000000, R10=0x0000000000000000, R11=0x0000000000000246
R12=0x0000000000000000, R13=0x000002537ebb3f08, R14=0x000000903cdfede0, R15=0x0000025379a2c800
RIP=0x00007ffcbcd534ca, EFLAGS=0x0000000000010206

Top of Stack: (sp=0x000000903cdfec00)
0x000000903cdfec00:   000000903cdfec28 0000000700f97920
0x000000903cdfec10:   0000000705702400 000000903cdfec18
0x000000903cdfec20:   fffffffffffffffe 00007ffcbcda6c78
0x000000903cdfec30:   000002537b0b6328 0000025300029f80
0x000000903cdfec40:   0000025379c9dbe8 00007ffcbcd0220c
0x000000903cdfec50:   000000903cdfed30 0000000000000001
0x000000903cdfec60:   000000903cdfecc8 000002535ba99950
0x000000903cdfec70:   fffffffffffffffe 0000000000000001
0x000000903cdfec80:   000000903cdfec80 00007ffcbcd010b2
0x000000903cdfec90:   000002537d83e418 00000253779ae7c8
0x000000903cdfeca0:   000000903cdfed98 00007ffcbccd2ed8
0x000000903cdfecb0:   fffffffffffffffe 0000000000000000
0x000000903cdfecc0:   0000000000000000 00007ffcbccf37f6
0x000000903cdfecd0:   000000903cdfed40 000002535ba9f907
0x000000903cdfece0:   00000007041140a0 0000000000000000
0x000000903cdfecf0:   000002537e40d660 00007ffcbcce35f4 

Instructions: (pc=0x00007ffcbcd534ca)
0x00007ffcbcd533ca:   f0 00 00 00 41 5f 41 5e 41 5d 41 5c 5f 5e 5b c3
0x00007ffcbcd533da:   48 8d 0d 57 24 05 00 e8 8a 48 02 00 48 8d 0d 4b
0x00007ffcbcd533ea:   24 05 00 e8 7e 48 02 00 cc cc cc cc cc cc cc cc
0x00007ffcbcd533fa:   cc cc cc cc cc cc 40 57 48 83 ec 40 48 c7 44 24
0x00007ffcbcd5340a:   20 fe ff ff ff 48 89 5c 24 50 48 89 74 24 58 49
0x00007ffcbcd5341a:   8b f0 48 8b f9 48 8b 91 40 01 00 00 48 8d 4c 24
0x00007ffcbcd5342a:   28 e8 50 b8 f9 ff 90 48 8b 8f 68 02 00 00 48 8b
0x00007ffcbcd5343a:   41 28 8b 58 10 8b d6 e8 6a f1 01 00 90 48 8d 4c
0x00007ffcbcd5344a:   24 28 e8 df ba f9 ff 48 8b 87 68 02 00 00 48 8b
0x00007ffcbcd5345a:   48 08 3b 59 10 75 1f 48 85 f6 74 1a 48 8b 8f 70
0x00007ffcbcd5346a:   02 00 00 48 8b 01 ff 50 10 48 8b 8f 98 03 00 00
0x00007ffcbcd5347a:   48 8b 01 ff 50 10 48 8b 5c 24 50 48 8b 74 24 58
0x00007ffcbcd5348a:   48 83 c4 40 5f c3 40 57 48 83 ec 40 48 c7 44 24
0x00007ffcbcd5349a:   20 fe ff ff ff 48 89 5c 24 50 48 89 74 24 58 41
0x00007ffcbcd534aa:   8b f0 8b da 48 8b f9 48 8b 91 50 01 00 00 48 8d
0x00007ffcbcd534ba:   4c 24 28 e8 be b7 f9 ff 90 4c 8b 8f 68 02 00 00
0x00007ffcbcd534ca:   49 8b 41 28 89 18 49 8b 41 28 89 70 04 48 8b 8f
0x00007ffcbcd534da:   d0 02 00 00 48 8b 01 ff 50 10 90 48 8d 4c 24 28
0x00007ffcbcd534ea:   e8 41 ba f9 ff 48 8b 5c 24 50 48 8b 74 24 58 48
0x00007ffcbcd534fa:   83 c4 40 5f c3 cc 40 56 57 41 56 48 81 ec e0 00
0x00007ffcbcd5350a:   00 00 48 c7 44 24 40 fe ff ff ff 48 89 9c 24 18
0x00007ffcbcd5351a:   01 00 00 48 8b 05 c4 ce 0d 00 48 33 c4 48 89 84
0x00007ffcbcd5352a:   24 d0 00 00 00 49 8b f0 4c 8b f2 48 8b d9 48 85
0x00007ffcbcd5353a:   d2 0f 84 90 01 00 00 4d 85 c0 0f 84 87 01 00 00
0x00007ffcbcd5354a:   48 8b 91 40 01 00 00 48 8d 4c 24 30 e8 25 b7 f9
0x00007ffcbcd5355a:   ff 90 48 8b 8b 68 02 00 00 48 8b 41 28 8b 78 10
0x00007ffcbcd5356a:   e8 91 ef 01 00 8b c0 48 89 06 48 8b 93 68 02 00
0x00007ffcbcd5357a:   00 48 8b 42 28 8b 48 0c 48 03 4a 30 49 89 0e 48
0x00007ffcbcd5358a:   8d 4c 24 30 e8 9d b9 f9 ff 85 ff 0f 85 05 01 00
0x00007ffcbcd5359a:   00 0f 1f 44 00 00 80 bb 04 02 00 00 00 0f 85 a4
0x00007ffcbcd535aa:   01 00 00 48 8b 8b 38 03 00 00 48 8b 01 ba 20 4e
0x00007ffcbcd535ba:   00 00 ff 50 20 48 8b 93 40 01 00 00 48 8d 4c 24 


Stack slot to memory mapping:
stack at sp + 0 slots: 0x000000903cdfec28 is pointing into the stack for thread: 0x0000025379a2c800
stack at sp + 1 slots: 0x0000000700f97920 is an oop: java.lang.Class 
{0x0000000700f97920} - klass: 'java/lang/Class'
stack at sp + 2 slots: 0x0000000705702400 is an oop: java.lang.reflect.Method 
{0x0000000705702400} - klass: 'java/lang/reflect/Method'
stack at sp + 3 slots: 0x000000903cdfec18 is pointing into the stack for thread: 0x0000025379a2c800
stack at sp + 4 slots: 0xfffffffffffffffe is an unknown value
stack at sp + 5 slots: 0x00007ffcbcda6c78 JLinkNativeLibrary.dll
stack at sp + 6 slots: 0x000002537b0b6328 points into unknown readable memory: 48 54 da bc fc 7f 00 00
stack at sp + 7 slots: 0x0000025300029f80 is pointing into metadata


---------------  P R O C E S S  ---------------

Threads class SMR info:
_java_thread_list=0x000002537cbbcc10, length=61, elements={
0x00000253565e9000, 0x0000025378139800, 0x000002537813a800, 0x000002537817d800,
0x0000025378180800, 0x0000025378181800, 0x0000025378186800, 0x0000025378197800,
0x00000253781a8800, 0x0000025378344800, 0x000002537835f800, 0x0000025379570800,
0x000002537b7eb000, 0x000002537b7eb800, 0x0000025379a25000, 0x0000025379a2b800,
0x000002537c980000, 0x000002537b401800, 0x000002537b3fe800, 0x000002537b3fd800,
0x000002537b404000, 0x000002537b409000, 0x000002537b405000, 0x000002537b3fd000,
0x000002537b3ff000, 0x000002537b3fc000, 0x000002537b407800, 0x000002537b408000,
0x000002537b406000, 0x000002537b403800, 0x000002537c984000, 0x0000025379a26800,
0x0000025379a2e000, 0x000002537c982800, 0x000002537c97d000, 0x000002537c97f800,
0x000002537c97d800, 0x000002537c988800, 0x000002537c989000, 0x000002537c98a000,
0x000002537c987800, 0x000002537c985000, 0x000002537c986000, 0x000002537c986800,
0x0000025379a2d000, 0x0000025379a27800, 0x0000025379a28800, 0x0000025379a2f000,
0x0000025379a2a000, 0x0000025379a2c800, 0x0000025379a29000, 0x0000025379a2b000,
0x0000025379a26000, 0x0000025379a33000, 0x0000025379a2f800, 0x0000025379a30800,
0x0000025379a31800, 0x0000025379a32000, 0x0000025379a33800, 0x000002537b7e6000,
0x000002537b7e8800
}

Java Threads: ( => current thread )
  0x00000253565e9000 JavaThread "main" [_thread_in_native, id=14516, stack(0x000000903a000000,0x000000903a100000)]
  0x0000025378139800 JavaThread "Reference Handler" daemon [_thread_blocked, id=2844, stack(0x000000903a700000,0x000000903a800000)]
  0x000002537813a800 JavaThread "Finalizer" daemon [_thread_blocked, id=9836, stack(0x000000903a800000,0x000000903a900000)]
  0x000002537817d800 JavaThread "Signal Dispatcher" daemon [_thread_blocked, id=13512, stack(0x000000903a900000,0x000000903aa00000)]
  0x0000025378180800 JavaThread "Attach Listener" daemon [_thread_blocked, id=15372, stack(0x000000903aa00000,0x000000903ab00000)]
  0x0000025378181800 JavaThread "Service Thread" daemon [_thread_blocked, id=10512, stack(0x000000903ab00000,0x000000903ac00000)]
  0x0000025378186800 JavaThread "C2 CompilerThread0" daemon [_thread_blocked, id=1596, stack(0x000000903ac00000,0x000000903ad00000)]
  0x0000025378197800 JavaThread "C1 CompilerThread0" daemon [_thread_blocked, id=3192, stack(0x000000903ad00000,0x000000903ae00000)]
  0x00000253781a8800 JavaThread "Sweeper thread" daemon [_thread_blocked, id=9044, stack(0x000000903ae00000,0x000000903af00000)]
  0x0000025378344800 JavaThread "Notification Thread" daemon [_thread_blocked, id=13988, stack(0x000000903af00000,0x000000903b000000)]
  0x000002537835f800 JavaThread "Common-Cleaner" daemon [_thread_blocked, id=9792, stack(0x000000903b100000,0x000000903b200000)]
  0x0000025379570800 JavaThread "http-nio-8080-BlockPoller" daemon [_thread_in_native, id=12588, stack(0x000000903ba00000,0x000000903bb00000)]
  0x000002537b7eb000 JavaThread "Catalina-utility-1" [_thread_blocked, id=13996, stack(0x000000903c200000,0x000000903c300000)]
  0x000002537b7eb800 JavaThread "Catalina-utility-2" [_thread_blocked, id=2528, stack(0x000000903c300000,0x000000903c400000)]
  0x0000025379a25000 JavaThread "http-nio-8080-ClientPoller" daemon [_thread_in_native, id=16428, stack(0x000000903ce00000,0x000000903cf00000)]
  0x0000025379a2b800 JavaThread "http-nio-8080-Acceptor" daemon [_thread_in_native, id=11720, stack(0x000000903cf00000,0x000000903d000000)]
  0x000002537c980000 JavaThread "Atmosphere-Shared-0" daemon [_thread_blocked, id=6168, stack(0x000000903b200000,0x000000903b300000)]
  0x000002537b401800 JavaThread "mysql-cj-abandoned-connection-cleanup" daemon [_thread_blocked, id=11184, stack(0x0000009039e00000,0x0000009039f00000)]
  0x000002537b3fe800 JavaThread "Atmosphere-Shared-0" daemon [_thread_blocked, id=10560, stack(0x000000903c100000,0x000000903c200000)]
  0x000002537b3fd800 JavaThread "Atmosphere-Shared-0" daemon [_thread_blocked, id=1644, stack(0x000000903c500000,0x000000903c600000)]
  0x000002537b404000 JavaThread "http-nio-8080-exec-41" daemon [_thread_blocked, id=15444, stack(0x000000903d300000,0x000000903d400000)]
  0x000002537b409000 JavaThread "http-nio-8080-exec-42" daemon [_thread_blocked, id=5428, stack(0x000000903bb00000,0x000000903bc00000)]
  0x000002537b405000 JavaThread "http-nio-8080-exec-43" daemon [_thread_blocked, id=2108, stack(0x000000903c700000,0x000000903c800000)]
  0x000002537b3fd000 JavaThread "http-nio-8080-exec-44" daemon [_thread_blocked, id=13944, stack(0x000000903c900000,0x000000903ca00000)]
  0x000002537b3ff000 JavaThread "http-nio-8080-exec-45" daemon [_thread_blocked, id=10840, stack(0x000000903c400000,0x000000903c500000)]
  0x000002537b3fc000 JavaThread "http-nio-8080-exec-46" daemon [_thread_blocked, id=1932, stack(0x000000903c000000,0x000000903c100000)]
  0x000002537b407800 JavaThread "http-nio-8080-exec-47" daemon [_thread_blocked, id=9356, stack(0x0000009039d00000,0x0000009039e00000)]
  0x000002537b408000 JavaThread "http-nio-8080-exec-48" daemon [_thread_blocked, id=10900, stack(0x000000903c600000,0x000000903c700000)]
  0x000002537b406000 JavaThread "http-nio-8080-exec-49" daemon [_thread_blocked, id=12416, stack(0x000000903bf00000,0x000000903c000000)]
  0x000002537b403800 JavaThread "http-nio-8080-exec-50" daemon [_thread_blocked, id=13440, stack(0x000000903d100000,0x000000903d200000)]
  0x000002537c984000 JavaThread "WebSocket background processing" daemon [_thread_blocked, id=13940, stack(0x000000903d500000,0x000000903d600000)]
  0x0000025379a26800 JavaThread "Atmosphere-Scheduler-91" daemon [_thread_blocked, id=16752, stack(0x000000903be00000,0x000000903bf00000)]
  0x0000025379a2e000 JavaThread "Atmosphere-Scheduler-33" daemon [_thread_blocked, id=17680, stack(0x000000903da00000,0x000000903db00000)]
  0x000002537c982800 JavaThread "Atmosphere-Scheduler-22" daemon [_thread_blocked, id=5520, stack(0x000000903d200000,0x000000903d300000)]
  0x000002537c97d000 JavaThread "Atmosphere-Shared-17" daemon [_thread_blocked, id=6840, stack(0x000000903bd00000,0x000000903be00000)]
  0x000002537c97f800 JavaThread "Atmosphere-Scheduler-38" daemon [_thread_blocked, id=14624, stack(0x000000903e700000,0x000000903e800000)]
  0x000002537c97d800 JavaThread "Atmosphere-Shared-18" daemon [_thread_blocked, id=12448, stack(0x000000903d800000,0x000000903d900000)]
  0x000002537c988800 JavaThread "Atmosphere-Scheduler-39" daemon [_thread_blocked, id=12176, stack(0x000000903d900000,0x000000903da00000)]
  0x000002537c989000 JavaThread "Atmosphere-Shared-19" daemon [_thread_blocked, id=12520, stack(0x000000903e800000,0x000000903e900000)]
  0x000002537c98a000 JavaThread "Atmosphere-Shared-20" daemon [_thread_blocked, id=11136, stack(0x000000903db00000,0x000000903dc00000)]
  0x000002537c987800 JavaThread "Atmosphere-Scheduler-40" daemon [_thread_blocked, id=10140, stack(0x000000903dc00000,0x000000903dd00000)]
  0x000002537c985000 JavaThread "Atmosphere-Scheduler-41" daemon [_thread_blocked, id=9696, stack(0x000000903dd00000,0x000000903de00000)]
  0x000002537c986000 JavaThread "Atmosphere-Scheduler-42" daemon [_thread_blocked, id=9272, stack(0x000000903e000000,0x000000903e100000)]
  0x000002537c986800 JavaThread "Atmosphere-Scheduler-43" daemon [_thread_blocked, id=16440, stack(0x000000903e100000,0x000000903e200000)]
  0x0000025379a2d000 JavaThread "Atmosphere-Shared-21" daemon [_thread_blocked, id=12768, stack(0x000000903e300000,0x000000903e400000)]
  0x0000025379a27800 JavaThread "Atmosphere-Shared-22" daemon [_thread_blocked, id=5976, stack(0x000000903e400000,0x000000903e500000)]
  0x0000025379a28800 JavaThread "Atmosphere-Shared-23" daemon [_thread_blocked, id=16464, stack(0x000000903e500000,0x000000903e600000)]
  0x0000025379a2f000 JavaThread "Atmosphere-Shared-24" daemon [_thread_blocked, id=304, stack(0x000000903c800000,0x000000903c900000)]
  0x0000025379a2a000 JavaThread "Atmosphere-Scheduler-93" daemon [_thread_blocked, id=16204, stack(0x000000903d700000,0x000000903d800000)]
=>0x0000025379a2c800 JavaThread "Thread-89" daemon [_thread_in_native, id=8664, stack(0x000000903cd00000,0x000000903ce00000)]
  0x0000025379a29000 JavaThread "pool-27-thread-1" [_thread_blocked, id=884, stack(0x000000903d000000,0x000000903d100000)]
  0x0000025379a2b000 JavaThread "Atmosphere-Shared-25" daemon [_thread_blocked, id=5936, stack(0x000000903e600000,0x000000903e700000)]
  0x0000025379a26000 JavaThread "Atmosphere-Scheduler-44" daemon [_thread_blocked, id=13476, stack(0x000000903e900000,0x000000903ea00000)]
  0x0000025379a33000 JavaThread "Atmosphere-Shared-26" daemon [_thread_blocked, id=8328, stack(0x000000903ea00000,0x000000903eb00000)]
  0x0000025379a2f800 JavaThread "Atmosphere-Scheduler-23" daemon [_thread_blocked, id=15204, stack(0x000000903eb00000,0x000000903ec00000)]
  0x0000025379a30800 JavaThread "Atmosphere-Shared-27" daemon [_thread_blocked, id=13152, stack(0x0000009039f00000,0x000000903a000000)]
  0x0000025379a31800 JavaThread "Atmosphere-Shared-28" daemon [_thread_blocked, id=7160, stack(0x000000903ec00000,0x000000903ed00000)]
  0x0000025379a32000 JavaThread "Atmosphere-Shared-29" daemon [_thread_blocked, id=17440, stack(0x000000903ed00000,0x000000903ee00000)]
  0x0000025379a33800 JavaThread "Atmosphere-Shared-30" daemon [_thread_blocked, id=4108, stack(0x000000903ee00000,0x000000903ef00000)]
  0x000002537b7e6000 JavaThread "Atmosphere-Shared-31" daemon [_thread_blocked, id=16824, stack(0x000000903ef00000,0x000000903f000000)]
  0x000002537b7e8800 JavaThread "Thread-91" daemon [_thread_blocked, id=7392, stack(0x000000903f000000,0x000000903f100000)]

Other Threads:
  0x0000025378126000 VMThread "VM Thread" [stack: 0x000000903a600000,0x000000903a700000] [id=2720]
  0x0000025378345000 WatcherThread [stack: 0x000000903b000000,0x000000903b100000] [id=16772]
  0x0000025356653800 GCTaskThread "GC Thread#0" [stack: 0x000000903a100000,0x000000903a200000] [id=260]
  0x00000253796ea000 GCTaskThread "GC Thread#1" [stack: 0x000000903b300000,0x000000903b400000] [id=1208]
  0x0000025379490800 GCTaskThread "GC Thread#2" [stack: 0x000000903b400000,0x000000903b500000] [id=11276]
  0x0000025379491000 GCTaskThread "GC Thread#3" [stack: 0x000000903b500000,0x000000903b600000] [id=9412]
  0x00000253794c1000 GCTaskThread "GC Thread#4" [stack: 0x000000903b600000,0x000000903b700000] [id=15500]
  0x00000253794c2000 GCTaskThread "GC Thread#5" [stack: 0x000000903b700000,0x000000903b800000] [id=17908]
  0x000002537c6aa800 GCTaskThread "GC Thread#6" [stack: 0x000000903de00000,0x000000903df00000] [id=10232]
  0x0000025379b62800 GCTaskThread "GC Thread#7" [stack: 0x000000903df00000,0x000000903e000000] [id=9644]
  0x0000025356677000 ConcurrentGCThread "G1 Main Marker" [stack: 0x000000903a200000,0x000000903a300000] [id=16060]
  0x0000025356678800 ConcurrentGCThread "G1 Conc#0" [stack: 0x000000903a300000,0x000000903a400000] [id=13556]
  0x00000253798ce000 ConcurrentGCThread "G1 Conc#1" [stack: 0x000000903bc00000,0x000000903bd00000] [id=248]
  0x0000025377746800 ConcurrentGCThread "G1 Refine#0" [stack: 0x000000903a400000,0x000000903a500000] [id=15768]
  0x00000253793e1000 ConcurrentGCThread "G1 Refine#1" [stack: 0x000000903b800000,0x000000903b900000] [id=2004]
  0x000002537847a800 ConcurrentGCThread "G1 Refine#2" [stack: 0x000000903b900000,0x000000903ba00000] [id=12848]
  0x0000025378c58800 ConcurrentGCThread "G1 Refine#3" [stack: 0x000000903ca00000,0x000000903cb00000] [id=10200]
  0x0000025378a5c000 ConcurrentGCThread "G1 Refine#4" [stack: 0x000000903cb00000,0x000000903cc00000] [id=13928]
  0x0000025377747800 ConcurrentGCThread "G1 Young RemSet Sampling" [stack: 0x000000903a500000,0x000000903a600000] [id=14608]

Threads with active compile tasks:

VM state:at safepoint (normal execution)

VM Mutex/Monitor currently owned by a thread:  ([mutex/lock_event])
[0x00000253565e47e0] Threads_lock - owner thread: 0x0000025378126000
[0x00000253565e4240] Heap_lock - owner thread: 0x000002537b7e8800

Heap address: 0x0000000700a00000, size: 4086 MB, Compressed Oops mode: Zero based, Oop shift amount: 3
Narrow klass base: 0x0000000800000000, Narrow klass shift: 0
Compressed class space size: 1073741824 Address: 0x0000000800000000

Heap:
 garbage-first heap   total 103424K, used 43268K [0x0000000700a00000, 0x0000000800000000)
  region size 1024K, 0 young (0K), 0 survivors (0K)
 Metaspace       used 112289K, capacity 114005K, committed 114172K, reserved 1148928K
  class space    used 14276K, capacity 14865K, committed 14976K, reserved 1048576K
Heap Regions: E=young(eden), S=young(survivor), O=old, HS=humongous(starts), HC=humongous(continues), CS=collection set, F=free, OA=open archive, CA=closed archive, TAMS=top-at-mark-start (previous, next)
|   0|0x0000000700a00000, 0x0000000700affff8, 0x0000000700b00000| 99%| O|  |TAMS 0x0000000700a00000, 0x0000000700a00000| Untracked 
|   1|0x0000000700b00000, 0x0000000700bffff8, 0x0000000700c00000| 99%| O|  |TAMS 0x0000000700b00000, 0x0000000700b00000| Untracked 
|   2|0x0000000700c00000, 0x0000000700d00000, 0x0000000700d00000|100%| O|  |TAMS 0x0000000700c00000, 0x0000000700c00000| Untracked 
|   3|0x0000000700d00000, 0x0000000700e00000, 0x0000000700e00000|100%| O|  |TAMS 0x0000000700d00000, 0x0000000700d00000| Untracked 
|   4|0x0000000700e00000, 0x0000000700effff8, 0x0000000700f00000| 99%| O|  |TAMS 0x0000000700e00000, 0x0000000700e00000| Untracked 
|   5|0x0000000700f00000, 0x0000000700fffff0, 0x0000000701000000| 99%| O|  |TAMS 0x0000000700f00000, 0x0000000700f00000| Untracked 
|   6|0x0000000701000000, 0x00000007010ffff8, 0x0000000701100000| 99%| O|  |TAMS 0x0000000701000000, 0x0000000701000000| Untracked 
|   7|0x0000000701100000, 0x00000007011ffff0, 0x0000000701200000| 99%| O|  |TAMS 0x0000000701100000, 0x0000000701100000| Untracked 
|   8|0x0000000701200000, 0x0000000701300000, 0x0000000701300000|100%| O|  |TAMS 0x0000000701200000, 0x0000000701200000| Untracked 
|   9|0x0000000701300000, 0x0000000701400000, 0x0000000701400000|100%| O|  |TAMS 0x0000000701300000, 0x0000000701300000| Untracked 
|  10|0x0000000701400000, 0x00000007014ffff0, 0x0000000701500000| 99%| O|  |TAMS 0x0000000701400000, 0x0000000701400000| Untracked 
|  11|0x0000000701500000, 0x0000000701600000, 0x0000000701600000|100%| O|  |TAMS 0x0000000701500000, 0x0000000701500000| Untracked 
|  12|0x0000000701600000, 0x00000007016ffff8, 0x0000000701700000| 99%| O|  |TAMS 0x0000000701600000, 0x0000000701600000| Untracked 
|  13|0x0000000701700000, 0x00000007017ffff8, 0x0000000701800000| 99%| O|  |TAMS 0x0000000701700000, 0x0000000701700000| Untracked 
|  14|0x0000000701800000, 0x00000007018ffff8, 0x0000000701900000| 99%| O|  |TAMS 0x0000000701800000, 0x0000000701800000| Untracked 
|  15|0x0000000701900000, 0x0000000701a00000, 0x0000000701a00000|100%| O|  |TAMS 0x0000000701900000, 0x0000000701900000| Untracked 
|  16|0x0000000701a00000, 0x0000000701affff0, 0x0000000701b00000| 99%| O|  |TAMS 0x0000000701a00000, 0x0000000701a00000| Untracked 
|  17|0x0000000701b00000, 0x0000000701c00000, 0x0000000701c00000|100%| O|  |TAMS 0x0000000701b00000, 0x0000000701b00000| Untracked 
|  18|0x0000000701c00000, 0x0000000701d00000, 0x0000000701d00000|100%| O|  |TAMS 0x0000000701c00000, 0x0000000701c00000| Untracked 
|  19|0x0000000701d00000, 0x0000000701dffff8, 0x0000000701e00000| 99%| O|  |TAMS 0x0000000701d00000, 0x0000000701d00000| Untracked 
|  20|0x0000000701e00000, 0x0000000701effff8, 0x0000000701f00000| 99%| O|  |TAMS 0x0000000701e00000, 0x0000000701e00000| Untracked 
|  21|0x0000000701f00000, 0x0000000702000000, 0x0000000702000000|100%| O|  |TAMS 0x0000000701f00000, 0x0000000701f00000| Untracked 
|  22|0x0000000702000000, 0x0000000702100000, 0x0000000702100000|100%| O|  |TAMS 0x0000000702000000, 0x0000000702000000| Untracked 
|  23|0x0000000702100000, 0x00000007021ffff8, 0x0000000702200000| 99%| O|  |TAMS 0x0000000702100000, 0x0000000702100000| Untracked 
|  24|0x0000000702200000, 0x00000007022ffff8, 0x0000000702300000| 99%| O|  |TAMS 0x0000000702200000, 0x0000000702200000| Untracked 
|  25|0x0000000702300000, 0x00000007023fffc0, 0x0000000702400000| 99%| O|  |TAMS 0x0000000702300000, 0x0000000702300000| Untracked 
|  26|0x0000000702400000, 0x00000007024fffa0, 0x0000000702500000| 99%| O|  |TAMS 0x0000000702400000, 0x0000000702400000| Untracked 
|  27|0x0000000702500000, 0x00000007025fffe0, 0x0000000702600000| 99%| O|  |TAMS 0x0000000702500000, 0x0000000702500000| Untracked 
|  28|0x0000000702600000, 0x00000007026ffff8, 0x0000000702700000| 99%| O|  |TAMS 0x0000000702600000, 0x0000000702600000| Untracked 
|  29|0x0000000702700000, 0x00000007027ffff8, 0x0000000702800000| 99%| O|  |TAMS 0x0000000702700000, 0x0000000702700000| Untracked 
|  30|0x0000000702800000, 0x00000007028fffc0, 0x0000000702900000| 99%| O|  |TAMS 0x0000000702800000, 0x0000000702800000| Untracked 
|  31|0x0000000702900000, 0x00000007029fffe8, 0x0000000702a00000| 99%| O|  |TAMS 0x0000000702900000, 0x0000000702900000| Untracked 
|  32|0x0000000702a00000, 0x0000000702b00000, 0x0000000702b00000|100%| O|  |TAMS 0x0000000702a00000, 0x0000000702a00000| Untracked 
|  33|0x0000000702b00000, 0x0000000702c00000, 0x0000000702c00000|100%| O|  |TAMS 0x0000000702b00000, 0x0000000702b00000| Untracked 
|  34|0x0000000702c00000, 0x0000000702d00000, 0x0000000702d00000|100%| O|  |TAMS 0x0000000702c00000, 0x0000000702c00000| Untracked 
|  35|0x0000000702d00000, 0x0000000702dfffe8, 0x0000000702e00000| 99%| O|  |TAMS 0x0000000702d00000, 0x0000000702d00000| Untracked 
|  36|0x0000000702e00000, 0x0000000702effff0, 0x0000000702f00000| 99%| O|  |TAMS 0x0000000702e00000, 0x0000000702e00000| Untracked 
|  37|0x0000000702f00000, 0x0000000702fffff8, 0x0000000703000000| 99%| O|  |TAMS 0x0000000702f00000, 0x0000000702f00000| Untracked 
|  38|0x0000000703000000, 0x00000007030d7de0, 0x0000000703100000| 84%| O|  |TAMS 0x0000000703000000, 0x0000000703000000| Untracked 
|  39|0x0000000703100000, 0x000000070319b0e8, 0x0000000703200000| 60%| O|  |TAMS 0x0000000703100000, 0x0000000703100000| Untracked 
|  40|0x0000000703200000, 0x000000070327e1d0, 0x0000000703300000| 49%| O|  |TAMS 0x0000000703200000, 0x0000000703200000| Untracked 
|  41|0x0000000703300000, 0x00000007033fcab8, 0x0000000703400000| 98%| O|  |TAMS 0x0000000703300000, 0x0000000703300000| Untracked 
|  42|0x0000000703400000, 0x00000007034f9b18, 0x0000000703500000| 97%| O|  |TAMS 0x0000000703400000, 0x0000000703400000| Untracked 
|  43|0x0000000703500000, 0x00000007035462e8, 0x0000000703600000| 27%| O|  |TAMS 0x0000000703500000, 0x0000000703500000| Untracked 
|  44|0x0000000703600000, 0x0000000703600000, 0x0000000703700000|  0%| F|  |TAMS 0x0000000703600000, 0x0000000703600000| Untracked 
|  45|0x0000000703700000, 0x0000000703700000, 0x0000000703800000|  0%| F|  |TAMS 0x0000000703700000, 0x0000000703700000| Untracked 
|  46|0x0000000703800000, 0x0000000703800000, 0x0000000703900000|  0%| F|  |TAMS 0x0000000703800000, 0x0000000703800000| Untracked 
|  47|0x0000000703900000, 0x0000000703900000, 0x0000000703a00000|  0%| F|  |TAMS 0x0000000703900000, 0x0000000703900000| Untracked 
|  48|0x0000000703a00000, 0x0000000703a00000, 0x0000000703b00000|  0%| F|  |TAMS 0x0000000703a00000, 0x0000000703a00000| Untracked 
|  49|0x0000000703b00000, 0x0000000703b00000, 0x0000000703c00000|  0%| F|  |TAMS 0x0000000703b00000, 0x0000000703b00000| Untracked 
|  50|0x0000000703c00000, 0x0000000703c00000, 0x0000000703d00000|  0%| F|  |TAMS 0x0000000703c00000, 0x0000000703c00000| Untracked 
|  51|0x0000000703d00000, 0x0000000703d00000, 0x0000000703e00000|  0%| F|  |TAMS 0x0000000703d00000, 0x0000000703d00000| Untracked 
|  52|0x0000000703e00000, 0x0000000703e00000, 0x0000000703f00000|  0%| F|  |TAMS 0x0000000703e00000, 0x0000000703e00000| Untracked 
|  53|0x0000000703f00000, 0x0000000703f00000, 0x0000000704000000|  0%| F|  |TAMS 0x0000000703f00000, 0x0000000703f00000| Untracked 
|  54|0x0000000704000000, 0x0000000704000000, 0x0000000704100000|  0%| F|  |TAMS 0x0000000704000000, 0x0000000704000000| Untracked 
|  55|0x0000000704100000, 0x0000000704100000, 0x0000000704200000|  0%| F|  |TAMS 0x0000000704100000, 0x0000000704100000| Untracked 
|  56|0x0000000704200000, 0x0000000704200000, 0x0000000704300000|  0%| F|  |TAMS 0x0000000704200000, 0x0000000704200000| Untracked 
|  57|0x0000000704300000, 0x0000000704300000, 0x0000000704400000|  0%| F|  |TAMS 0x0000000704300000, 0x0000000704300000| Untracked 
|  58|0x0000000704400000, 0x0000000704400000, 0x0000000704500000|  0%| F|  |TAMS 0x0000000704400000, 0x0000000704400000| Untracked 
|  59|0x0000000704500000, 0x0000000704500000, 0x0000000704600000|  0%| F|  |TAMS 0x0000000704500000, 0x0000000704500000| Untracked 
|  60|0x0000000704600000, 0x0000000704600000, 0x0000000704700000|  0%| F|  |TAMS 0x0000000704600000, 0x0000000704600000| Untracked 
|  61|0x0000000704700000, 0x0000000704700000, 0x0000000704800000|  0%| F|  |TAMS 0x0000000704700000, 0x0000000704700000| Untracked 
|  62|0x0000000704800000, 0x0000000704800000, 0x0000000704900000|  0%| F|  |TAMS 0x0000000704800000, 0x0000000704800000| Untracked 
|  63|0x0000000704900000, 0x0000000704900000, 0x0000000704a00000|  0%| F|  |TAMS 0x0000000704900000, 0x0000000704900000| Untracked 
|  64|0x0000000704a00000, 0x0000000704a00000, 0x0000000704b00000|  0%| F|  |TAMS 0x0000000704a00000, 0x0000000704a00000| Untracked 
|  65|0x0000000704b00000, 0x0000000704b00000, 0x0000000704c00000|  0%| F|  |TAMS 0x0000000704b00000, 0x0000000704b00000| Untracked 
|  66|0x0000000704c00000, 0x0000000704c00000, 0x0000000704d00000|  0%| F|  |TAMS 0x0000000704c00000, 0x0000000704c00000| Untracked 
|  67|0x0000000704d00000, 0x0000000704d00000, 0x0000000704e00000|  0%| F|  |TAMS 0x0000000704d00000, 0x0000000704d00000| Untracked 
|  68|0x0000000704e00000, 0x0000000704e00000, 0x0000000704f00000|  0%| F|  |TAMS 0x0000000704e00000, 0x0000000704e00000| Untracked 
|  69|0x0000000704f00000, 0x0000000704f00000, 0x0000000705000000|  0%| F|  |TAMS 0x0000000704f00000, 0x0000000704f00000| Untracked 
|  70|0x0000000705000000, 0x0000000705000000, 0x0000000705100000|  0%| F|  |TAMS 0x0000000705000000, 0x0000000705000000| Untracked 
|  71|0x0000000705100000, 0x0000000705100000, 0x0000000705200000|  0%| F|  |TAMS 0x0000000705100000, 0x0000000705100000| Untracked 
|  72|0x0000000705200000, 0x0000000705200000, 0x0000000705300000|  0%| F|  |TAMS 0x0000000705200000, 0x0000000705200000| Untracked 
|  73|0x0000000705300000, 0x0000000705300000, 0x0000000705400000|  0%| F|  |TAMS 0x0000000705300000, 0x0000000705300000| Untracked 
|  74|0x0000000705400000, 0x0000000705413b18, 0x0000000705500000|  7%| O|  |TAMS 0x0000000705400000, 0x0000000705400000| Untracked 
|  75|0x0000000705500000, 0x0000000705500000, 0x0000000705600000|  0%| F|  |TAMS 0x0000000705500000, 0x0000000705500000| Untracked 
|  76|0x0000000705600000, 0x0000000705600000, 0x0000000705700000|  0%| F|  |TAMS 0x0000000705600000, 0x0000000705600000| Untracked 
|  77|0x0000000705700000, 0x0000000705700000, 0x0000000705800000|  0%| F|  |TAMS 0x0000000705700000, 0x0000000705700000| Untracked 
|  78|0x0000000705800000, 0x0000000705800000, 0x0000000705900000|  0%| F|  |TAMS 0x0000000705800000, 0x0000000705800000| Untracked 
|  79|0x0000000705900000, 0x0000000705900000, 0x0000000705a00000|  0%| F|  |TAMS 0x0000000705900000, 0x0000000705900000| Untracked 
|  80|0x0000000705a00000, 0x0000000705a00000, 0x0000000705b00000|  0%| F|  |TAMS 0x0000000705a00000, 0x0000000705a00000| Untracked 
|  81|0x0000000705b00000, 0x0000000705b00000, 0x0000000705c00000|  0%| F|  |TAMS 0x0000000705b00000, 0x0000000705b00000| Untracked 
|  82|0x0000000705c00000, 0x0000000705c00000, 0x0000000705d00000|  0%| F|  |TAMS 0x0000000705c00000, 0x0000000705c00000| Untracked 
|  83|0x0000000705d00000, 0x0000000705d00000, 0x0000000705e00000|  0%| F|  |TAMS 0x0000000705d00000, 0x0000000705d00000| Untracked 
|  84|0x0000000705e00000, 0x0000000705e00000, 0x0000000705f00000|  0%| F|  |TAMS 0x0000000705e00000, 0x0000000705e00000| Untracked 
|  85|0x0000000705f00000, 0x0000000705f00000, 0x0000000706000000|  0%| F|  |TAMS 0x0000000705f00000, 0x0000000705f00000| Untracked 
|  86|0x0000000706000000, 0x0000000706000000, 0x0000000706100000|  0%| F|  |TAMS 0x0000000706000000, 0x0000000706000000| Untracked 
|  87|0x0000000706100000, 0x0000000706100000, 0x0000000706200000|  0%| F|  |TAMS 0x0000000706100000, 0x0000000706100000| Untracked 
|  88|0x0000000706200000, 0x0000000706200000, 0x0000000706300000|  0%| F|  |TAMS 0x0000000706200000, 0x0000000706200000| Untracked 
|  89|0x0000000706300000, 0x0000000706300000, 0x0000000706400000|  0%| F|  |TAMS 0x0000000706300000, 0x0000000706300000| Untracked 
|  90|0x0000000706400000, 0x0000000706400000, 0x0000000706500000|  0%| F|  |TAMS 0x0000000706400000, 0x0000000706400000| Untracked 
|  91|0x0000000706500000, 0x0000000706500000, 0x0000000706600000|  0%| F|  |TAMS 0x0000000706500000, 0x0000000706500000| Untracked 
|  92|0x0000000706600000, 0x0000000706600000, 0x0000000706700000|  0%| F|  |TAMS 0x0000000706600000, 0x0000000706600000| Untracked 
|  93|0x0000000706700000, 0x0000000706700000, 0x0000000706800000|  0%| F|  |TAMS 0x0000000706700000, 0x0000000706700000| Untracked 
|  94|0x0000000706800000, 0x0000000706800000, 0x0000000706900000|  0%| F|  |TAMS 0x0000000706800000, 0x0000000706800000| Untracked 
|  95|0x0000000706900000, 0x0000000706900000, 0x0000000706a00000|  0%| F|  |TAMS 0x0000000706900000, 0x0000000706900000| Untracked 
|  96|0x0000000706a00000, 0x0000000706a00000, 0x0000000706b00000|  0%| F|  |TAMS 0x0000000706a00000, 0x0000000706a00000| Untracked 
|  97|0x0000000706b00000, 0x0000000706b00000, 0x0000000706c00000|  0%| F|  |TAMS 0x0000000706b00000, 0x0000000706b00000| Untracked 
|  98|0x0000000706c00000, 0x0000000706c00000, 0x0000000706d00000|  0%| F|  |TAMS 0x0000000706c00000, 0x0000000706c00000| Untracked 
|  99|0x0000000706d00000, 0x0000000706d00000, 0x0000000706e00000|  0%| F|  |TAMS 0x0000000706d00000, 0x0000000706d00000| Untracked 
| 100|0x0000000706e00000, 0x0000000706e00000, 0x0000000706f00000|  0%| F|  |TAMS 0x0000000706e00000, 0x0000000706e00000| Untracked 

Card table byte_map: [0x000002536bd10000,0x000002536c510000] _byte_map_base: 0x000002536850b000

Marking Bits (Prev, Next): (CMBitMap*) 0x0000025356656648, (CMBitMap*) 0x0000025356656688
 Prev Bits: [0x000002536cd10000, 0x0000025370ce8000)
 Next Bits: [0x0000025370cf0000, 0x0000025374cc8000)

Polling page: 0x000002535ba70000

Metaspace:

Usage:
  Non-class:     96.82 MB capacity,    95.72 MB ( 99%) used,   914.97 KB ( <1%) free+waste,   212.00 KB ( <1%) overhead. 
      Class:     14.52 MB capacity,    13.94 MB ( 96%) used,   501.60 KB (  3%) free+waste,    87.13 KB ( <1%) overhead. 
       Both:    111.33 MB capacity,   109.66 MB ( 98%) used,     1.38 MB (  1%) free+waste,   299.13 KB ( <1%) overhead. 

Virtual space:
  Non-class space:       98.00 MB reserved,      96.87 MB ( 99%) committed 
      Class space:        1.00 GB reserved,      14.63 MB (  1%) committed 
             Both:        1.10 GB reserved,     111.50 MB ( 10%) committed 

Chunk freelists:
   Non-Class:  56.00 KB
       Class:  0 bytes
        Both:  56.00 KB

MaxMetaspaceSize: 17179869184.00 GB
CompressedClassSpaceSize: 1.00 GB

CodeHeap 'non-profiled nmethods': size=120000Kb used=7731Kb max_used=7731Kb free=112269Kb
 bounds [0x0000025363560000, 0x0000025363cf0000, 0x000002536aa90000]
CodeHeap 'profiled nmethods': size=120000Kb used=25481Kb max_used=25481Kb free=94518Kb
 bounds [0x000002535c030000, 0x000002535d920000, 0x0000025363560000]
CodeHeap 'non-nmethods': size=5760Kb used=1309Kb max_used=1366Kb free=4450Kb
 bounds [0x000002535ba90000, 0x000002535bd00000, 0x000002535c030000]
 total_blobs=11142 nmethods=10548 adapters=505
 compilation: enabled
              stopped_count=0, restarted_count=0
 full_count=0

Compilation events (20 events):
Event: 6241.371 Thread 0x0000025378197800 12314       1       org.atmosphere.cpr.AtmosphereResponseImpl::getAsyncIOWriter (5 bytes)
Event: 6241.371 Thread 0x0000025378197800 nmethod 12314 0x0000025363ceb490 code [0x0000025363ceb620, 0x0000025363ceb6d8]
Event: 6242.213 Thread 0x0000025378197800 12315       3       com.vaadin.ui.Window::getState (6 bytes)
Event: 6242.213 Thread 0x0000025378197800 nmethod 12315 0x000002535d910c90 code [0x000002535d910e80, 0x000002535d9115a8]
Event: 6242.341 Thread 0x0000025378197800 12316       3       com.vaadin.ui.ConnectorTracker::getConnector (61 bytes)
Event: 6242.341 Thread 0x0000025378197800 nmethod 12316 0x000002535d911790 code [0x000002535d9119a0, 0x000002535d9122a8]
Event: 6242.341 Thread 0x0000025378197800 12317       3       org.apache.coyote.http11.filters.ChunkedOutputFilter::doWrite (87 bytes)
Event: 6242.342 Thread 0x0000025378197800 nmethod 12317 0x000002535d912590 code [0x000002535d9127c0, 0x000002535d912fb8]
Event: 6242.342 Thread 0x0000025378197800 12318       3       org.apache.coyote.http11.filters.ChunkedOutputFilter::calculateChunkHeader (42 bytes)
Event: 6242.342 Thread 0x0000025378197800 nmethod 12318 0x000002535d913290 code [0x000002535d913460, 0x000002535d9137e8]
Event: 6242.916 Thread 0x0000025378186800 12319       4       jdk.internal.math.FloatingDecimal::getBinaryToASCIIConverter (163 bytes)
Event: 6242.916 Thread 0x0000025378197800 12320       1       com.vaadin.data.provider.DataCommunicator::getPushRows (5 bytes)
Event: 6242.916 Thread 0x0000025378197800 nmethod 12320 0x0000025363ceb790 code [0x0000025363ceb920, 0x0000025363ceb9d8]
Event: 6242.919 Thread 0x0000025378197800 12321       1       com.vaadin.server.ClientMethodInvocation::getConnector (5 bytes)
Event: 6242.919 Thread 0x0000025378197800 nmethod 12321 0x0000025363ceba90 code [0x0000025363cebc20, 0x0000025363cebcd8]
Event: 6242.919 Thread 0x0000025378197800 12322       1       com.vaadin.server.ClientMethodInvocation::getInterfaceName (5 bytes)
Event: 6242.919 Thread 0x0000025378197800 nmethod 12322 0x0000025363cebd90 code [0x0000025363cebf20, 0x0000025363cebfd8]
Event: 6242.919 Thread 0x0000025378197800 12323       1       com.vaadin.server.ClientMethodInvocation::getMethodName (5 bytes)
Event: 6242.919 Thread 0x0000025378197800 nmethod 12323 0x0000025363cec090 code [0x0000025363cec220, 0x0000025363cec2d8]
Event: 6242.920 Thread 0x0000025378186800 nmethod 12319 0x0000025363cec390 code [0x0000025363cec5a0, 0x0000025363cec928]

GC Heap History (20 events):
Event: 6203.923 GC heap before
{Heap before GC invocations=1408 (full 24):
 garbage-first heap   total 103424K, used 87199K [0x0000000700a00000, 0x0000000800000000)
  region size 1024K, 44 young (45056K), 1 survivors (1024K)
 Metaspace       used 111900K, capacity 113655K, committed 113916K, reserved 1148928K
  class space    used 14272K, capacity 14860K, committed 14976K, reserved 1048576K
}
Event: 6203.925 GC heap after
{Heap after GC invocations=1409 (full 24):
 garbage-first heap   total 103424K, used 45087K [0x0000000700a00000, 0x0000000800000000)
  region size 1024K, 2 young (2048K), 2 survivors (2048K)
 Metaspace       used 111900K, capacity 113655K, committed 113916K, reserved 1148928K
  class space    used 14272K, capacity 14860K, committed 14976K, reserved 1048576K
}
Event: 6205.037 GC heap before
{Heap before GC invocations=1409 (full 24):
 garbage-first heap   total 103424K, used 87071K [0x0000000700a00000, 0x0000000800000000)
  region size 1024K, 43 young (44032K), 2 survivors (2048K)
 Metaspace       used 111900K, capacity 113655K, committed 113916K, reserved 1148928K
  class space    used 14272K, capacity 14860K, committed 14976K, reserved 1048576K
}
Event: 6205.039 GC heap after
{Heap after GC invocations=1410 (full 24):
 garbage-first heap   total 103424K, used 45064K [0x0000000700a00000, 0x0000000800000000)
  region size 1024K, 2 young (2048K), 2 survivors (2048K)
 Metaspace       used 111900K, capacity 113655K, committed 113916K, reserved 1148928K
  class space    used 14272K, capacity 14860K, committed 14976K, reserved 1048576K
}
Event: 6215.870 GC heap before
{Heap before GC invocations=1410 (full 24):
 garbage-first heap   total 103424K, used 86024K [0x0000000700a00000, 0x0000000800000000)
  region size 1024K, 43 young (44032K), 2 survivors (2048K)
 Metaspace       used 111932K, capacity 113661K, committed 113916K, reserved 1148928K
  class space    used 14272K, capacity 14861K, committed 14976K, reserved 1048576K
}
Event: 6215.871 GC heap after
{Heap after GC invocations=1411 (full 24):
 garbage-first heap   total 103424K, used 45208K [0x0000000700a00000, 0x0000000800000000)
  region size 1024K, 3 young (3072K), 3 survivors (3072K)
 Metaspace       used 111932K, capacity 113661K, committed 113916K, reserved 1148928K
  class space    used 14272K, capacity 14861K, committed 14976K, reserved 1048576K
}
Event: 6217.094 GC heap before
{Heap before GC invocations=1411 (full 24):
 garbage-first heap   total 103424K, used 85144K [0x0000000700a00000, 0x0000000800000000)
  region size 1024K, 42 young (43008K), 3 survivors (3072K)
 Metaspace       used 111936K, capacity 113661K, committed 113916K, reserved 1148928K
  class space    used 14273K, capacity 14861K, committed 14976K, reserved 1048576K
}
Event: 6217.095 GC heap after
{Heap after GC invocations=1412 (full 24):
 garbage-first heap   total 103424K, used 45316K [0x0000000700a00000, 0x0000000800000000)
  region size 1024K, 3 young (3072K), 3 survivors (3072K)
 Metaspace       used 111936K, capacity 113661K, committed 113916K, reserved 1148928K
  class space    used 14273K, capacity 14861K, committed 14976K, reserved 1048576K
}
Event: 6217.744 GC heap before
{Heap before GC invocations=1412 (full 24):
 garbage-first heap   total 103424K, used 72964K [0x0000000700a00000, 0x0000000800000000)
  region size 1024K, 31 young (31744K), 3 survivors (3072K)
 Metaspace       used 112070K, capacity 113789K, committed 113916K, reserved 1148928K
  class space    used 14273K, capacity 14861K, committed 14976K, reserved 1048576K
}
Event: 6217.811 GC heap after
{Heap after GC invocations=1413 (full 25):
 garbage-first heap   total 103424K, used 43353K [0x0000000700a00000, 0x0000000800000000)
  region size 1024K, 0 young (0K), 0 survivors (0K)
 Metaspace       used 112070K, capacity 113789K, committed 113916K, reserved 1148928K
  class space    used 14273K, capacity 14861K, committed 14976K, reserved 1048576K
}
Event: 6226.429 GC heap before
{Heap before GC invocations=1413 (full 25):
 garbage-first heap   total 103424K, used 80217K [0x0000000700a00000, 0x0000000800000000)
  region size 1024K, 38 young (38912K), 0 survivors (0K)
 Metaspace       used 112248K, capacity 113935K, committed 114172K, reserved 1148928K
  class space    used 14275K, capacity 14864K, committed 14976K, reserved 1048576K
}
Event: 6226.516 GC heap after
{Heap after GC invocations=1414 (full 26):
 garbage-first heap   total 103424K, used 42939K [0x0000000700a00000, 0x0000000800000000)
  region size 1024K, 0 young (0K), 0 survivors (0K)
 Metaspace       used 112248K, capacity 113935K, committed 114172K, reserved 1148928K
  class space    used 14275K, capacity 14864K, committed 14976K, reserved 1048576K
}
Event: 6229.451 GC heap before
{Heap before GC invocations=1414 (full 26):
 garbage-first heap   total 103424K, used 84923K [0x0000000700a00000, 0x0000000800000000)
  region size 1024K, 42 young (43008K), 0 survivors (0K)
 Metaspace       used 112249K, capacity 113935K, committed 114172K, reserved 1148928K
  class space    used 14275K, capacity 14864K, committed 14976K, reserved 1048576K
}
Event: 6229.452 GC heap after
{Heap after GC invocations=1415 (full 26):
 garbage-first heap   total 103424K, used 43071K [0x0000000700a00000, 0x0000000800000000)
  region size 1024K, 1 young (1024K), 1 survivors (1024K)
 Metaspace       used 112249K, capacity 113935K, committed 114172K, reserved 1148928K
  class space    used 14275K, capacity 14864K, committed 14976K, reserved 1048576K
}
Event: 6230.661 GC heap before
{Heap before GC invocations=1415 (full 26):
 garbage-first heap   total 103424K, used 86079K [0x0000000700a00000, 0x0000000800000000)
  region size 1024K, 43 young (44032K), 1 survivors (1024K)
 Metaspace       used 112249K, capacity 113935K, committed 114172K, reserved 1148928K
  class space    used 14275K, capacity 14864K, committed 14976K, reserved 1048576K
}
Event: 6230.662 GC heap after
{Heap after GC invocations=1416 (full 26):
 garbage-first heap   total 103424K, used 43087K [0x0000000700a00000, 0x0000000800000000)
  region size 1024K, 1 young (1024K), 1 survivors (1024K)
 Metaspace       used 112249K, capacity 113935K, committed 114172K, reserved 1148928K
  class space    used 14275K, capacity 14864K, committed 14976K, reserved 1048576K
}
Event: 6231.184 GC heap before
{Heap before GC invocations=1416 (full 26):
 garbage-first heap   total 103424K, used 47183K [0x0000000700a00000, 0x0000000800000000)
  region size 1024K, 6 young (6144K), 1 survivors (1024K)
 Metaspace       used 112249K, capacity 113935K, committed 114172K, reserved 1148928K
  class space    used 14275K, capacity 14864K, committed 14976K, reserved 1048576K
}
Event: 6231.246 GC heap after
{Heap after GC invocations=1417 (full 27):
 garbage-first heap   total 103424K, used 41121K [0x0000000700a00000, 0x0000000800000000)
  region size 1024K, 0 young (0K), 0 survivors (0K)
 Metaspace       used 112249K, capacity 113935K, committed 114172K, reserved 1148928K
  class space    used 14275K, capacity 14864K, committed 14976K, reserved 1048576K
}
Event: 6242.141 GC heap before
{Heap before GC invocations=1417 (full 27):
 garbage-first heap   total 103424K, used 86177K [0x0000000700a00000, 0x0000000800000000)
  region size 1024K, 45 young (46080K), 0 survivors (0K)
 Metaspace       used 112283K, capacity 113999K, committed 114172K, reserved 1148928K
  class space    used 14275K, capacity 14864K, committed 14976K, reserved 1048576K
}
Event: 6242.142 GC heap after
{Heap after GC invocations=1418 (full 27):
 garbage-first heap   total 103424K, used 43837K [0x0000000700a00000, 0x0000000800000000)
  region size 1024K, 3 young (3072K), 3 survivors (3072K)
 Metaspace       used 112283K, capacity 113999K, committed 114172K, reserved 1148928K
  class space    used 14275K, capacity 14864K, committed 14976K, reserved 1048576K
}

Deoptimization events (20 events):
Event: 6225.491 Thread 0x0000025379a2c800 DEOPT PACKING pc=0x000002535d8408c5 sp=0x000000903d4fd150
Event: 6225.491 Thread 0x0000025379a2c800 DEOPT UNPACKING pc=0x000002535bad964e sp=0x000000903d4fc618 mode 0
Event: 6235.443 Thread 0x000002537b3fd800 DEOPT PACKING pc=0x000002535cb98f6c sp=0x000000903c5fe4f0
Event: 6235.443 Thread 0x000002537b3fd800 DEOPT UNPACKING pc=0x000002535bad964e sp=0x000000903c5fd950 mode 0
Event: 6235.527 Thread 0x000002537b3fd800 Uncommon trap: trap_request=0xffffffbe fr.pc=0x0000025363ce539c relative=0x00000000000002bc
Event: 6235.527 Thread 0x000002537b3fd800 Uncommon trap: reason=profile_predicate action=maybe_recompile pc=0x0000025363ce539c method=sun.security.provider.HashDrbg.addBytes([BI[[B)V @ 36 c2
Event: 6235.527 Thread 0x000002537b3fd800 DEOPT PACKING pc=0x0000025363ce539c sp=0x000000903c5fe500
Event: 6235.527 Thread 0x000002537b3fd800 DEOPT UNPACKING pc=0x000002535bad912f sp=0x000000903c5fe450 mode 2
Event: 6235.527 Thread 0x000002537b3fd800 Uncommon trap: trap_request=0xffffffbe fr.pc=0x0000025363ce539c relative=0x00000000000002bc
Event: 6235.527 Thread 0x000002537b3fd800 Uncommon trap: reason=profile_predicate action=maybe_recompile pc=0x0000025363ce539c method=sun.security.provider.HashDrbg.addBytes([BI[[B)V @ 36 c2
Event: 6235.527 Thread 0x000002537b3fd800 DEOPT PACKING pc=0x0000025363ce539c sp=0x000000903c5fe490
Event: 6235.527 Thread 0x000002537b3fd800 DEOPT UNPACKING pc=0x000002535bad912f sp=0x000000903c5fe3e0 mode 2
Event: 6235.534 Thread 0x000002537b3fd800 Uncommon trap: trap_request=0xffffffbe fr.pc=0x0000025363ce539c relative=0x00000000000002bc
Event: 6235.534 Thread 0x000002537b3fd800 Uncommon trap: reason=profile_predicate action=maybe_recompile pc=0x0000025363ce539c method=sun.security.provider.HashDrbg.addBytes([BI[[B)V @ 36 c2
Event: 6235.534 Thread 0x000002537b3fd800 DEOPT PACKING pc=0x0000025363ce539c sp=0x000000903c5fe500
Event: 6235.534 Thread 0x000002537b3fd800 DEOPT UNPACKING pc=0x000002535bad912f sp=0x000000903c5fe450 mode 2
Event: 6235.534 Thread 0x000002537b3fd800 Uncommon trap: trap_request=0xffffffbe fr.pc=0x0000025363ce539c relative=0x00000000000002bc
Event: 6235.534 Thread 0x000002537b3fd800 Uncommon trap: reason=profile_predicate action=maybe_recompile pc=0x0000025363ce539c method=sun.security.provider.HashDrbg.addBytes([BI[[B)V @ 36 c2
Event: 6235.534 Thread 0x000002537b3fd800 DEOPT PACKING pc=0x0000025363ce539c sp=0x000000903c5fe490
Event: 6235.534 Thread 0x000002537b3fd800 DEOPT UNPACKING pc=0x000002535bad912f sp=0x000000903c5fe3e0 mode 2

Classes unloaded (20 events):
Event: 5576.991 Thread 0x0000025378126000 Unloading class 0x000000080016d040 'java/lang/invoke/LambdaForm$MH'
Event: 5576.991 Thread 0x0000025378126000 Unloading class 0x000000080016d840 'java/lang/invoke/LambdaForm$MH'
Event: 5576.991 Thread 0x0000025378126000 Unloading class 0x000000080016e440 'java/lang/invoke/LambdaForm$MH'
Event: 5576.991 Thread 0x0000025378126000 Unloading class 0x000000080016e040 'java/lang/invoke/LambdaForm$MH'
Event: 5576.991 Thread 0x0000025378126000 Unloading class 0x000000080016ec40 'java/lang/invoke/LambdaForm$MH'
Event: 5576.991 Thread 0x0000025378126000 Unloading class 0x0000000800158c40 'java/lang/invoke/LambdaForm$MH'
Event: 5576.991 Thread 0x0000025378126000 Unloading class 0x0000000800158840 'java/lang/invoke/LambdaForm$MH'
Event: 5576.991 Thread 0x0000025378126000 Unloading class 0x0000000800158440 'java/lang/invoke/LambdaForm$MH'
Event: 5576.991 Thread 0x0000025378126000 Unloading class 0x0000000800158040 'java/lang/invoke/LambdaForm$MH'
Event: 5576.991 Thread 0x0000025378126000 Unloading class 0x00000008000d0c40 'java/lang/invoke/LambdaForm$MH'
Event: 5576.991 Thread 0x0000025378126000 Unloading class 0x00000008000d0840 'java/lang/invoke/LambdaForm$MH'
Event: 5576.991 Thread 0x0000025378126000 Unloading class 0x00000008000a3440 'java/lang/invoke/LambdaForm$MH'
Event: 5576.991 Thread 0x0000025378126000 Unloading class 0x00000008000a3c40 'java/lang/invoke/LambdaForm$MH'
Event: 5576.991 Thread 0x0000025378126000 Unloading class 0x00000008000a3840 'java/lang/invoke/LambdaForm$MH'
Event: 5576.991 Thread 0x0000025378126000 Unloading class 0x00000008000a4440 'java/lang/invoke/LambdaForm$MH'
Event: 5576.991 Thread 0x0000025378126000 Unloading class 0x00000008000a4040 'java/lang/invoke/LambdaForm$MH'
Event: 5576.991 Thread 0x0000025378126000 Unloading class 0x00000008000a4c40 'java/lang/invoke/LambdaForm$MH'
Event: 5576.991 Thread 0x0000025378126000 Unloading class 0x00000008000a4840 'java/lang/invoke/LambdaForm$MH'
Event: 5576.991 Thread 0x0000025378126000 Unloading class 0x00000008000a5040 'java/lang/invoke/LambdaForm$MH'
Event: 5576.991 Thread 0x0000025378126000 Unloading class 0x00000008000a5c40 'java/lang/invoke/LambdaForm$MH'

Classes redefined (0 events):
No events

Internal exceptions (20 events):
Event: 6112.278 Thread 0x000002537b406000 Exception <a 'java/lang/ClassNotFoundException'{0x00000007064e5580}: com/vaadin/shared/ui/tabsheet/TabsheetStateCustomizer> (0x00000007064e5580) 
thrown [./open/src/hotspot/share/classfile/systemDictionary.cpp, line 226]
Event: 6112.280 Thread 0x000002537b406000 Exception <a 'java/lang/ClassNotFoundException'{0x0000000706308a48}: com/vaadin/shared/ui/accordion/AccordionStateCustomizer> (0x0000000706308a48) 
thrown [./open/src/hotspot/share/classfile/systemDictionary.cpp, line 226]
Event: 6112.282 Thread 0x000002537b406000 Exception <a 'java/lang/ClassNotFoundException'{0x000000070632d118}: com/vaadin/shared/ui/tabsheet/TabStateBeanInfo> (0x000000070632d118) 
thrown [./open/src/hotspot/share/classfile/systemDictionary.cpp, line 226]
Event: 6112.284 Thread 0x000002537b406000 Exception <a 'java/lang/ClassNotFoundException'{0x000000070634c5a0}: com/vaadin/shared/ui/tabsheet/TabStateCustomizer> (0x000000070634c5a0) 
thrown [./open/src/hotspot/share/classfile/systemDictionary.cpp, line 226]
Event: 6115.307 Thread 0x000002537b403800 Exception <a 'java/lang/ClassNotFoundException'{0x0000000706e337e0}: com/vaadin/shared/ui/notification/NotificationStateBeanInfo> (0x0000000706e337e0) 
thrown [./open/src/hotspot/share/classfile/systemDictionary.cpp, line 226]
Event: 6115.309 Thread 0x000002537b403800 Exception <a 'java/lang/ClassNotFoundException'{0x0000000706e57458}: com/vaadin/shared/ui/notification/NotificationStateCustomizer> (0x0000000706e57458) 
thrown [./open/src/hotspot/share/classfile/systemDictionary.cpp, line 226]
Event: 6118.128 Thread 0x000002537b3fd000 Exception <a 'java/lang/ClassNotFoundException'{0x00000007058b4e18}: com/vaadin/shared/ui/image/ImageStateBeanInfo> (0x00000007058b4e18) 
thrown [./open/src/hotspot/share/classfile/systemDictionary.cpp, line 226]
Event: 6118.130 Thread 0x000002537b3fd000 Exception <a 'java/lang/ClassNotFoundException'{0x00000007058d5518}: com/vaadin/shared/ui/AbstractEmbeddedStateBeanInfo> (0x00000007058d5518) 
thrown [./open/src/hotspot/share/classfile/systemDictionary.cpp, line 226]
Event: 6118.131 Thread 0x000002537b3fd000 Exception <a 'java/lang/ClassNotFoundException'{0x00000007058f6868}: com/vaadin/shared/ui/AbstractEmbeddedStateCustomizer> (0x00000007058f6868) 
thrown [./open/src/hotspot/share/classfile/systemDictionary.cpp, line 226]
Event: 6118.134 Thread 0x000002537b3fd000 Exception <a 'java/lang/ClassNotFoundException'{0x0000000705717008}: com/vaadin/shared/ui/image/ImageStateCustomizer> (0x0000000705717008) 
thrown [./open/src/hotspot/share/classfile/systemDictionary.cpp, line 226]
Event: 6119.416 Thread 0x000002537c97e800 Exception <a 'java/lang/ClassNotFoundException'{0x0000000705167970}: com/vaadin/shared/ui/progressindicator/ProgressBarStateBeanInfo> (0x0000000705167970) 
thrown [./open/src/hotspot/share/classfile/systemDictionary.cpp, line 226]
Event: 6119.418 Thread 0x000002537c97e800 Exception <a 'java/lang/ClassNotFoundException'{0x00000007051b7a00}: com/vaadin/shared/ui/progressindicator/ProgressBarStateCustomizer> (0x00000007051b7a00) 
thrown [./open/src/hotspot/share/classfile/systemDictionary.cpp, line 226]
Event: 6119.421 Thread 0x000002537c97e800 Exception <a 'java/lang/ClassNotFoundException'{0x00000007051ddac0}: com/vaadin/shared/ui/gridlayout/GridLayoutStateBeanInfo> (0x00000007051ddac0) 
thrown [./open/src/hotspot/share/classfile/systemDictionary.cpp, line 226]
Event: 6119.422 Thread 0x000002537c97e800 Exception <a 'java/lang/ClassNotFoundException'{0x00000007051ff1a0}: com/vaadin/shared/ui/gridlayout/GridLayoutStateCustomizer> (0x00000007051ff1a0) 
thrown [./open/src/hotspot/share/classfile/systemDictionary.cpp, line 226]
Event: 6119.424 Thread 0x000002537c97e800 Exception <a 'java/lang/ClassNotFoundException'{0x000000070502cf10}: com/vaadin/shared/ui/gridlayout/GridLayoutState$ChildComponentDataBeanInfo> (0x000000070502cf10) 
thrown [./open/src/hotspot/share/classfile/systemDictionary.cpp, line 226]
Event: 6119.427 Thread 0x000002537c97e800 Exception <a 'java/lang/ClassNotFoundException'{0x0000000705055008}: com/vaadin/shared/ui/gridlayout/GridLayoutState$ChildComponentDataCustomizer> (0x0000000705055008) 
thrown [./open/src/hotspot/share/classfile/systemDictionary.cpp, line 226]
Event: 6124.800 Thread 0x000002537b404000 Exception <a 'java/lang/ClassNotFoundException'{0x0000000704ed5028}: com/vaadin/shared/ui/textarea/TextAreaStateBeanInfo> (0x0000000704ed5028) 
thrown [./open/src/hotspot/share/classfile/systemDictionary.cpp, line 226]
Event: 6124.801 Thread 0x000002537b404000 Exception <a 'java/lang/ClassNotFoundException'{0x0000000704ef6648}: com/vaadin/shared/ui/textarea/TextAreaStateCustomizer> (0x0000000704ef6648) 
thrown [./open/src/hotspot/share/classfile/systemDictionary.cpp, line 226]
Event: 6132.574 Thread 0x0000025379a29000 Exception <a 'java/lang/ClassNotFoundException'{0x00000007051cc770}: com/vaadin/shared/extension/filedownloader/FileDownloaderStateBeanInfo> (0x00000007051cc770) 
thrown [./open/src/hotspot/share/classfile/systemDictionary.cpp, line 226]
Event: 6132.576 Thread 0x0000025379a29000 Exception <a 'java/lang/ClassNotFoundException'{0x00000007051f2858}: com/vaadin/shared/extension/filedownloader/FileDownloaderStateCustomizer> (0x00000007051f2858) 
thrown [./open/src/hotspot/share/classfile/systemDictionary.cpp, line 226]

Events (20 events):
Event: 6238.650 Executing VM operation: HandshakeOneThread done
Event: 6239.579 Thread 0x0000025379a31800 Thread added: 0x0000025379a31800
Event: 6239.686 Executing VM operation: HandshakeOneThread
Event: 6239.686 Executing VM operation: HandshakeOneThread done
Event: 6240.531 Thread 0x0000025379a32000 Thread added: 0x0000025379a32000
Event: 6240.637 Executing VM operation: HandshakeOneThread
Event: 6240.637 Executing VM operation: HandshakeOneThread done
Event: 6241.371 Thread 0x0000025379a33800 Thread added: 0x0000025379a33800
Event: 6241.477 Executing VM operation: HandshakeOneThread
Event: 6241.477 Executing VM operation: HandshakeOneThread done
Event: 6242.140 Executing VM operation: G1CollectForAllocation
Event: 6242.142 Executing VM operation: G1CollectForAllocation done
Event: 6242.334 Thread 0x000002537b7e6000 Thread added: 0x000002537b7e6000
Event: 6242.445 Executing VM operation: HandshakeOneThread
Event: 6242.445 Executing VM operation: HandshakeOneThread done
Event: 6242.915 Thread 0x000002537b7e8800 Thread added: 0x000002537b7e8800
Event: 6242.915 Executing VM operation: HandshakeOneThread
Event: 6242.915 Executing VM operation: HandshakeOneThread done
Event: 6242.925 Executing VM operation: HandshakeOneThread
Event: 6242.926 Executing VM operation: HandshakeOneThread done


Dynamic libraries:
0x00007ff7fae70000 - 0x00007ff7fae7d000 	C:\Users\Bar\.p2\pool\plugins\org.eclipse.justj.openjdk.hotspot.jre.full.win32.x86_64_14.0.2.v20200815-0932\jre\bin\javaw.exe
0x00007ffce9130000 - 0x00007ffce9326000 	C:\WINDOWS\SYSTEM32\ntdll.dll
0x00007ffce7190000 - 0x00007ffce724d000 	C:\WINDOWS\System32\KERNEL32.DLL
0x00007ffce69d0000 - 0x00007ffce6c99000 	C:\WINDOWS\System32\KERNELBASE.dll
0x00007ffce6f00000 - 0x00007ffce7000000 	C:\WINDOWS\System32\ucrtbase.dll
0x00007ffccde70000 - 0x00007ffccde85000 	C:\Users\Bar\.p2\pool\plugins\org.eclipse.justj.openjdk.hotspot.jre.full.win32.x86_64_14.0.2.v20200815-0932\jre\bin\VCRUNTIME140.dll
0x00007ffccde90000 - 0x00007ffccdea8000 	C:\Users\Bar\.p2\pool\plugins\org.eclipse.justj.openjdk.hotspot.jre.full.win32.x86_64_14.0.2.v20200815-0932\jre\bin\jli.dll
0x00007ffce7fa0000 - 0x00007ffce8140000 	C:\WINDOWS\System32\USER32.dll
0x00007ffce6ea0000 - 0x00007ffce6ec2000 	C:\WINDOWS\System32\win32u.dll
0x00007ffce8c50000 - 0x00007ffce8c7a000 	C:\WINDOWS\System32\GDI32.dll
0x00007ffcd77e0000 - 0x00007ffcd7a7b000 	C:\WINDOWS\WinSxS\amd64_microsoft.windows.common-controls_6595b64144ccf1df_6.0.19041.746_none_ca02b4b61b8320a4\COMCTL32.dll
0x00007ffce6870000 - 0x00007ffce697b000 	C:\WINDOWS\System32\gdi32full.dll
0x00007ffce7a40000 - 0x00007ffce7ade000 	C:\WINDOWS\System32\msvcrt.dll
0x00007ffce6ca0000 - 0x00007ffce6d3d000 	C:\WINDOWS\System32\msvcp_win.dll
0x00007ffce7260000 - 0x00007ffce7290000 	C:\WINDOWS\System32\IMM32.DLL
0x00007ffcc47d0000 - 0x00007ffcc486b000 	C:\Users\Bar\.p2\pool\plugins\org.eclipse.justj.openjdk.hotspot.jre.full.win32.x86_64_14.0.2.v20200815-0932\jre\bin\msvcp140.dll
0x00007ffc9dad0000 - 0x00007ffc9e5ee000 	C:\Users\Bar\.p2\pool\plugins\org.eclipse.justj.openjdk.hotspot.jre.full.win32.x86_64_14.0.2.v20200815-0932\jre\bin\server\jvm.dll
0x00007ffce8140000 - 0x00007ffce81ec000 	C:\WINDOWS\System32\ADVAPI32.dll
0x00007ffce7b60000 - 0x00007ffce7bfc000 	C:\WINDOWS\System32\sechost.dll
0x00007ffce7cf0000 - 0x00007ffce7e1b000 	C:\WINDOWS\System32\RPCRT4.dll
0x00007ffce8ab0000 - 0x00007ffce8ab8000 	C:\WINDOWS\System32\PSAPI.DLL
0x00007ffcdbdf0000 - 0x00007ffcdbe17000 	C:\WINDOWS\SYSTEM32\WINMM.dll
0x00007ffce1fd0000 - 0x00007ffce1fd9000 	C:\WINDOWS\SYSTEM32\WSOCK32.dll
0x00007ffce0eb0000 - 0x00007ffce0eba000 	C:\WINDOWS\SYSTEM32\VERSION.dll
0x00007ffce8a40000 - 0x00007ffce8aab000 	C:\WINDOWS\System32\WS2_32.dll
0x00007ffce47e0000 - 0x00007ffce47f2000 	C:\WINDOWS\SYSTEM32\kernel.appcore.dll
0x00007ffcd21c0000 - 0x00007ffcd21ca000 	C:\Users\Bar\.p2\pool\plugins\org.eclipse.justj.openjdk.hotspot.jre.full.win32.x86_64_14.0.2.v20200815-0932\jre\bin\jimage.dll
0x00007ffcd6f90000 - 0x00007ffcd7174000 	C:\WINDOWS\SYSTEM32\DBGHELP.DLL
0x00007ffcd66a0000 - 0x00007ffcd66cc000 	C:\WINDOWS\SYSTEM32\dbgcore.DLL
0x00007ffce7000000 - 0x00007ffce7080000 	C:\WINDOWS\System32\bcryptPrimitives.dll
0x00007ffccde40000 - 0x00007ffccde65000 	C:\Users\Bar\.p2\pool\plugins\org.eclipse.justj.openjdk.hotspot.jre.full.win32.x86_64_14.0.2.v20200815-0932\jre\bin\java.dll
0x00007ffccde20000 - 0x00007ffccde36000 	C:\Users\Bar\.p2\pool\plugins\org.eclipse.justj.openjdk.hotspot.jre.full.win32.x86_64_14.0.2.v20200815-0932\jre\bin\zip.dll
0x00007ffce72f0000 - 0x00007ffce7a32000 	C:\WINDOWS\System32\SHELL32.dll
0x00007ffce49e0000 - 0x00007ffce5170000 	C:\WINDOWS\SYSTEM32\windows.storage.dll
0x00007ffce8680000 - 0x00007ffce89d6000 	C:\WINDOWS\System32\combase.dll
0x00007ffce62d0000 - 0x00007ffce62fc000 	C:\WINDOWS\SYSTEM32\Wldp.dll
0x00007ffce7ef0000 - 0x00007ffce7f9e000 	C:\WINDOWS\System32\SHCORE.dll
0x00007ffce7c90000 - 0x00007ffce7ce5000 	C:\WINDOWS\System32\shlwapi.dll
0x00007ffce67a0000 - 0x00007ffce67c6000 	C:\WINDOWS\SYSTEM32\profapi.dll
0x00007ffccdeb0000 - 0x00007ffccdec9000 	C:\Users\Bar\.p2\pool\plugins\org.eclipse.justj.openjdk.hotspot.jre.full.win32.x86_64_14.0.2.v20200815-0932\jre\bin\net.dll
0x00007ffcdf740000 - 0x00007ffcdf840000 	C:\WINDOWS\SYSTEM32\WINHTTP.dll
0x00007ffce5fd0000 - 0x00007ffce603a000 	C:\WINDOWS\system32\mswsock.dll
0x00007ffccde00000 - 0x00007ffccde12000 	C:\Users\Bar\.p2\pool\plugins\org.eclipse.justj.openjdk.hotspot.jre.full.win32.x86_64_14.0.2.v20200815-0932\jre\bin\nio.dll
0x00007ffcd10d0000 - 0x00007ffcd10d9000 	C:\Users\Bar\.p2\pool\plugins\org.eclipse.justj.openjdk.hotspot.jre.full.win32.x86_64_14.0.2.v20200815-0932\jre\bin\management.dll
0x00007ffccea60000 - 0x00007ffccea6b000 	C:\Users\Bar\.p2\pool\plugins\org.eclipse.justj.openjdk.hotspot.jre.full.win32.x86_64_14.0.2.v20200815-0932\jre\bin\management_ext.dll
0x0000000180000000 - 0x0000000180285000 	C:\APPS\tomcat-testing\bin\tcnative-1.dll
0x00007ffce6d40000 - 0x00007ffce6e96000 	C:\WINDOWS\System32\CRYPT32.dll
0x00007ffce61c0000 - 0x00007ffce61d8000 	C:\WINDOWS\SYSTEM32\CRYPTSP.dll
0x00007ffce5920000 - 0x00007ffce5954000 	C:\WINDOWS\system32\rsaenh.dll
0x00007ffce6ed0000 - 0x00007ffce6ef7000 	C:\WINDOWS\System32\bcrypt.dll
0x00007ffce61b0000 - 0x00007ffce61bc000 	C:\WINDOWS\SYSTEM32\CRYPTBASE.dll
0x00007ffce5c70000 - 0x00007ffce5cab000 	C:\WINDOWS\SYSTEM32\IPHLPAPI.DLL
0x00007ffce8380000 - 0x00007ffce8388000 	C:\WINDOWS\System32\NSI.dll
0x00007ffce0b40000 - 0x00007ffce0b57000 	C:\WINDOWS\SYSTEM32\dhcpcsvc6.DLL
0x00007ffce0ab0000 - 0x00007ffce0acd000 	C:\WINDOWS\SYSTEM32\dhcpcsvc.DLL
0x00007ffce5d10000 - 0x00007ffce5ddb000 	C:\WINDOWS\SYSTEM32\DNSAPI.dll
0x00007ffce6760000 - 0x00007ffce678e000 	C:\WINDOWS\SYSTEM32\USERENV.dll
0x00007ffcce9b0000 - 0x00007ffcce9c0000 	C:\Users\Bar\.p2\pool\plugins\org.eclipse.justj.openjdk.hotspot.jre.full.win32.x86_64_14.0.2.v20200815-0932\jre\bin\verify.dll
0x00007ffcdf3c0000 - 0x00007ffcdf3ca000 	C:\Windows\System32\rasadhlp.dll
0x00007ffcdf170000 - 0x00007ffcdf1ef000 	C:\WINDOWS\System32\fwpuclnt.dll
0x00007ffcbccd0000 - 0x00007ffcbce49000 	C:\webMathematica\WEB-INF\lib\SystemFiles\Libraries\Windows-x86-64\JLinkNativeLibrary.dll
0x00007ffce81f0000 - 0x00007ffce82ca000 	C:\WINDOWS\System32\COMDLG32.dll
0x00007ffcd76c0000 - 0x00007ffcd76d7000 	C:\WINDOWS\system32\napinsp.dll
0x00007ffce4320000 - 0x00007ffce43be000 	C:\WINDOWS\system32\uxtheme.dll
0x00007ffcd5200000 - 0x00007ffcd521b000 	C:\WINDOWS\system32\pnrpnsp.dll
0x00007ffce8560000 - 0x00007ffce8675000 	C:\WINDOWS\System32\MSCTF.dll
0x00007ffce7e20000 - 0x00007ffce7eed000 	C:\WINDOWS\System32\OLEAUT32.dll
0x00007ffcc4770000 - 0x00007ffcc4785000 	C:\WINDOWS\system32\wshbth.dll
0x00007ffce25d0000 - 0x00007ffce25ed000 	C:\WINDOWS\system32\NLAapi.dll
0x00007ffcd4330000 - 0x00007ffcd4342000 	C:\WINDOWS\System32\winrnr.dll

dbghelp: loaded successfully - version: 4.0.5 - missing functions: none
symbol engine: initialized successfully - sym options: 0x614 - pdb path: .;C:\Users\Bar\.p2\pool\plugins\org.eclipse.justj.openjdk.hotspot.jre.full.win32.x86_64_14.0.2.v20200815-0932\jre\bin;C:\WINDOWS\SYSTEM32;C:\WINDOWS\WinSxS\amd64_microsoft.windows.common-controls_6595b64144ccf1df_6.0.19041.746_none_ca02b4b61b8320a4;C:\Users\Bar\.p2\pool\plugins\org.eclipse.justj.openjdk.hotspot.jre.full.win32.x86_64_14.0.2.v20200815-0932\jre\bin\server;C:\APPS\tomcat-testing\bin;C:\webMathematica\WEB-INF\lib\SystemFiles\Libraries\Windows-x86-64

VM Arguments:
jvm_args: -Dcatalina.base=C:\Users\Bar\eclipse-workspace\.metadata\.plugins\org.eclipse.wst.server.core\tmp0 -Dcatalina.home=C:\APPS\tomcat-testing -Dwtp.deploy=C:\Users\Bar\eclipse-workspace\.metadata\.plugins\org.eclipse.wst.server.core\tmp0\wtpwebapps -Dfile.encoding=Cp1252 -XX:+ShowCodeDetailsInExceptionMessages 
java_command: org.apache.catalina.startup.Bootstrap start
java_class_path (initial): C:\webMathematica\WEB-INF\lib\JLink.jar;C:\APPS\tomcat-testing\bin\bootstrap.jar;C:\APPS\tomcat-testing\bin\tomcat-juli.jar
Launcher Type: SUN_STANDARD

[Global flags]
     intx CICompilerCount                          = 4                                         {product} {ergonomic}
     uint ConcGCThreads                            = 2                                         {product} {ergonomic}
     uint G1ConcRefinementThreads                  = 8                                         {product} {ergonomic}
   size_t G1HeapRegionSize                         = 1048576                                   {product} {ergonomic}
    uintx GCDrainStackTargetSize                   = 64                                        {product} {ergonomic}
   size_t InitialHeapSize                          = 268435456                                 {product} {ergonomic}
   size_t MarkStackSize                            = 4194304                                   {product} {ergonomic}
   size_t MaxHeapSize                              = 4284481536                                {product} {ergonomic}
   size_t MaxNewSize                               = 2570059776                                {product} {ergonomic}
   size_t MinHeapDeltaBytes                        = 1048576                                   {product} {ergonomic}
   size_t MinHeapSize                              = 8388608                                   {product} {ergonomic}
    uintx NonNMethodCodeHeapSize                   = 5839372                                {pd product} {ergonomic}
    uintx NonProfiledCodeHeapSize                  = 122909434                              {pd product} {ergonomic}
    uintx ProfiledCodeHeapSize                     = 122909434                              {pd product} {ergonomic}
    uintx ReservedCodeCacheSize                    = 251658240                              {pd product} {ergonomic}
     bool SegmentedCodeCache                       = true                                      {product} {ergonomic}
     bool ShowCodeDetailsInExceptionMessages       = true                                   {manageable} {command line}
   size_t SoftMaxHeapSize                          = 4284481536                             {manageable} {ergonomic}
     bool UseCompressedClassPointers               = true                                 {lp64_product} {ergonomic}
     bool UseCompressedOops                        = true                                 {lp64_product} {ergonomic}
     bool UseG1GC                                  = true                                      {product} {ergonomic}
     bool UseLargePagesIndividualAllocation        = false                                  {pd product} {ergonomic}

Logging:
Log output configuration:
 #0: stdout all=warning uptime,level,tags
 #1: stderr all=off uptime,level,tags

Environment Variables:
JRE_HOME=C:\Program Files\Java\jre1.8.0_212
PATH=C:/Users/Bar/.p2/pool/plugins/org.eclipse.justj.openjdk.hotspot.jre.full.win32.x86_64_15.0.1.v20201027-0507/jre/bin/server;C:/Users/Bar/.p2/pool/plugins/org.eclipse.justj.openjdk.hotspot.jre.full.win32.x86_64_15.0.1.v20201027-0507/jre/bin;C:\Program Files (x86)\Common Files\Oracle\Java\javapath;C:\ProgramData\Oracle\Java\javapath;C:\Program Files\copasi.org\COPASI 4.24.197\bin;C:\WINDOWS\system32;C:\WINDOWS;C:\WINDOWS\System32\Wbem;C:\WINDOWS\System32\WindowsPowerShell\v1.0\;C:\Program Files\Git\cmd;C:\WINDOWS\System32\OpenSSH\;C:\Program Files\Java\jdk1.8.0_162\bin;C:\Program Files\Notepad++;C:\Program Files\PuTTY\;C:\Program Files\Gemalto\Classic Client\BIN;C:\Program Files (x86)\Gemalto\Classic Client\BIN;C:\Program Files\MiKTeX 2.9\miktex\bin\x64\;C:\Program Files (x86)\LyX 2.3\Perl\bin;C:\Program Files\dotnet\;C:\Qt;C:\Program Files\CMake\bin;C:\Program Files\Wolfram Research\WolframScript\;C:\Users\Bar\AppData\Local\Microsoft\WindowsApps;C:\Qt;C:\Program Files (x86)\EaseUS\Todo Backup\bin\x64\;C:\Users\Bar\eclipse\jee-2020-09\eclipse;
USERNAME=Bar
OS=Windows_NT
PROCESSOR_IDENTIFIER=Intel64 Family 6 Model 42 Stepping 7, GenuineIntel



---------------  S Y S T E M  ---------------

OS: Windows 10 , 64 bit Build 19041 (10.0.19041.804)
OS uptime: 20 days 2:54 hours

CPU:total 8 (initial active 8) (4 cores per cpu, 2 threads per core) family 6 model 42 stepping 7, cmov, cx8, fxsr, mmx, sse, sse2, sse3, ssse3, sse4.1, sse4.2, popcnt, avx, aes, clmul, ht, tsc, tscinvbit

Memory: 4k page, system-wide physical 16340M (7480M free)
TotalPageFile size 18772M (AvailPageFile size 4713M)
current process WorkingSet (physical memory assigned to process): 323M, peak: 323M
current process commit charge ("private bytes"): 371M, peak: 386M

vm_info: OpenJDK 64-Bit Server VM (14.0.2+12-46) for windows-amd64 JRE (14.0.2+12-46), built on Jul  9 2020 00:31:16 by "mach5one" with MS VC++ 15.9 (VS2017)

END.
